This is pdfTeX, Version 3.141592653-2.6-1.40.22 (TeX Live 2022/dev/Debian) (preloaded format=pdflatex 2022.11.23)  14 JAN 2023 01:55
entering extended mode
 restricted \write18 enabled.
 file:line:error style messages enabled.
 %&-line parsing enabled.
**/home/adrian/tfm/fase1/memoria/proyecto.tex
(/home/adrian/tfm/fase1/memoria/proyecto.tex
LaTeX2e <2021-11-15> patch level 1
L3 programming layer <2022-01-21> (/usr/share/texlive/texmf-dist/tex/latex/base/book.cls
Document Class: book 2021/10/04 v1.4n Standard LaTeX document class
(/usr/share/texlive/texmf-dist/tex/latex/base/bk12.clo
File: bk12.clo 2021/10/04 v1.4n Standard LaTeX file (size option)
)
\c@part=\count185
\c@chapter=\count186
\c@section=\count187
\c@subsection=\count188
\c@subsubsection=\count189
\c@paragraph=\count190
\c@subparagraph=\count191
\c@figure=\count192
\c@table=\count193
\abovecaptionskip=\skip47
\belowcaptionskip=\skip48
\bibindent=\dimen138
) (./hyphenat.sty
Package: hyphenat 2001/01/02 v2.3a hyphenation utilities
\langwohyphens=\language87
LaTeX Info: Redefining \_ on input line 34.
) (/usr/share/texlive/texmf-dist/tex/latex/listings/listings.sty (/usr/share/texlive/texmf-dist/tex/latex/graphics/keyval.sty
Package: keyval 2014/10/28 v1.15 key=value parser (DPC)
\KV@toks@=\toks16
)
\lst@mode=\count194
\lst@gtempboxa=\box50
\lst@token=\toks17
\lst@length=\count195
\lst@currlwidth=\dimen139
\lst@column=\count196
\lst@pos=\count197
\lst@lostspace=\dimen140
\lst@width=\dimen141
\lst@newlines=\count198
\lst@lineno=\count199
\lst@maxwidth=\dimen142
 (/usr/share/texlive/texmf-dist/tex/latex/listings/lstmisc.sty
File: lstmisc.sty 2020/03/24 1.8d (Carsten Heinz)
\c@lstnumber=\count266
\lst@skipnumbers=\count267
\lst@framebox=\box51
) (/usr/share/texlive/texmf-dist/tex/latex/listings/listings.cfg
File: listings.cfg 2020/03/24 1.8d listings configuration
))
Package: listings 2020/03/24 1.8d (Carsten Heinz)
 (/usr/share/texlive/texmf-dist/tex/latex/base/inputenc.sty
Package: inputenc 2021/02/14 v1.3d Input encoding file
\inpenc@prehook=\toks18
\inpenc@posthook=\toks19
) (/usr/share/texlive/texmf-dist/tex/generic/babel/babel.sty
Package: babel 2022/01/26 3.70 The Babel package
\babel@savecnt=\count268
\U@D=\dimen143
\l@unhyphenated=\language88
 (/usr/share/texlive/texmf-dist/tex/generic/babel/txtbabel.def)
\bbl@readstream=\read2
\bbl@dirlevel=\count269
 (/usr/share/texlive/texmf-dist/tex/generic/babel-spanish/spanish.ldf
Language: spanish.ldf 2021/05/27 v5.0q Spanish support from the babel system
\es@quottoks=\toks20
\es@quotdepth=\count270
Package babel Info: Making " an active character on input line 570.
Package babel Info: Making . an active character on input line 675.
Package babel Info: Making < an active character on input line 722.
Package babel Info: Making > an active character on input line 722.
)) (/usr/share/texlive/texmf-dist/tex/latex/xcolor/xcolor.sty
Package: xcolor 2021/10/31 v2.13 LaTeX color extensions (UK)
 (/usr/share/texlive/texmf-dist/tex/latex/graphics-cfg/color.cfg
File: color.cfg 2016/01/02 v1.6 sample color configuration
)
Package xcolor Info: Driver file: pdftex.def on input line 227.
 (/usr/share/texlive/texmf-dist/tex/latex/graphics-def/pdftex.def
File: pdftex.def 2020/10/05 v1.2a Graphics/color driver for pdftex
)
Package xcolor Info: Model `cmy' substituted by `cmy0' on input line 1352.
Package xcolor Info: Model `hsb' substituted by `rgb' on input line 1356.
Package xcolor Info: Model `RGB' extended on input line 1368.
Package xcolor Info: Model `HTML' substituted by `rgb' on input line 1370.
Package xcolor Info: Model `Hsb' substituted by `hsb' on input line 1371.
Package xcolor Info: Model `tHsb' substituted by `hsb' on input line 1372.
Package xcolor Info: Model `HSB' substituted by `hsb' on input line 1373.
Package xcolor Info: Model `Gray' substituted by `gray' on input line 1374.
Package xcolor Info: Model `wave' substituted by `hsb' on input line 1375.
) (/usr/share/texlive/texmf-dist/tex/latex/amsmath/amsmath.sty
Package: amsmath 2021/10/15 v2.17l AMS math features
\@mathmargin=\skip49

For additional information on amsmath, use the `?' option.
(/usr/share/texlive/texmf-dist/tex/latex/amsmath/amstext.sty
Package: amstext 2021/08/26 v2.01 AMS text
 (/usr/share/texlive/texmf-dist/tex/latex/amsmath/amsgen.sty
File: amsgen.sty 1999/11/30 v2.0 generic functions
\@emptytoks=\toks21
\ex@=\dimen144
)) (/usr/share/texlive/texmf-dist/tex/latex/amsmath/amsbsy.sty
Package: amsbsy 1999/11/29 v1.2d Bold Symbols
\pmbraise@=\dimen145
) (/usr/share/texlive/texmf-dist/tex/latex/amsmath/amsopn.sty
Package: amsopn 2021/08/26 v2.02 operator names
)
\inf@bad=\count271
LaTeX Info: Redefining \frac on input line 234.
\uproot@=\count272
\leftroot@=\count273
LaTeX Info: Redefining \overline on input line 399.
\classnum@=\count274
\DOTSCASE@=\count275
LaTeX Info: Redefining \ldots on input line 496.
LaTeX Info: Redefining \dots on input line 499.
LaTeX Info: Redefining \cdots on input line 620.
\Mathstrutbox@=\box52
\strutbox@=\box53
\big@size=\dimen146
LaTeX Font Info:    Redeclaring font encoding OML on input line 743.
LaTeX Font Info:    Redeclaring font encoding OMS on input line 744.
\macc@depth=\count276
\c@MaxMatrixCols=\count277
\dotsspace@=\muskip16
\c@parentequation=\count278
\dspbrk@lvl=\count279
\tag@help=\toks22
\row@=\count280
\column@=\count281
\maxfields@=\count282
\andhelp@=\toks23
\eqnshift@=\dimen147
\alignsep@=\dimen148
\tagshift@=\dimen149
\tagwidth@=\dimen150
\totwidth@=\dimen151
\lineht@=\dimen152
\@envbody=\toks24
\multlinegap=\skip50
\multlinetaggap=\skip51
\mathdisplay@stack=\toks25
LaTeX Info: Redefining \[ on input line 2938.
LaTeX Info: Redefining \] on input line 2939.
) (/usr/share/texlive/texmf-dist/tex/latex/eurosym/eurosym.sty
Package: eurosym 1998/08/06 v1.1 European currency symbol ``Euro''
\@eurobox=\box54
) (/usr/share/texlive/texmf-dist/tex/latex/listings/lstlang1.sty
File: lstlang1.sty 2020/03/24 1.8d listings language file
) (/usr/share/texlive/texmf-dist/tex/latex/listings/lstlang1.sty
File: lstlang1.sty 2020/03/24 1.8d listings language file
) (/usr/share/texlive/texmf-dist/tex/latex/listings/lstmisc.sty
File: lstmisc.sty 2020/03/24 1.8d (Carsten Heinz)
) (/usr/share/texlive/texmf-dist/tex/latex/pgf/frontendlayer/tikz.sty (/usr/share/texlive/texmf-dist/tex/latex/pgf/basiclayer/pgf.sty (/usr/share/texlive/texmf-dist/tex/latex/pgf/utilities/pgfrcs.sty (/usr/share/texlive/texmf-dist/tex/generic/pgf/utilities/pgfutil-common.tex
\pgfutil@everybye=\toks26
\pgfutil@tempdima=\dimen153
\pgfutil@tempdimb=\dimen154
 (/usr/share/texlive/texmf-dist/tex/generic/pgf/utilities/pgfutil-common-lists.tex)) (/usr/share/texlive/texmf-dist/tex/generic/pgf/utilities/pgfutil-latex.def
\pgfutil@abb=\box55
) (/usr/share/texlive/texmf-dist/tex/generic/pgf/utilities/pgfrcs.code.tex (/usr/share/texlive/texmf-dist/tex/generic/pgf/pgf.revision.tex)
Package: pgfrcs 2021/05/15 v3.1.9a (3.1.9a)
))
Package: pgf 2021/05/15 v3.1.9a (3.1.9a)
 (/usr/share/texlive/texmf-dist/tex/latex/pgf/basiclayer/pgfcore.sty (/usr/share/texlive/texmf-dist/tex/latex/graphics/graphicx.sty
Package: graphicx 2021/09/16 v1.2d Enhanced LaTeX Graphics (DPC,SPQR)
 (/usr/share/texlive/texmf-dist/tex/latex/graphics/graphics.sty
Package: graphics 2021/03/04 v1.4d Standard LaTeX Graphics (DPC,SPQR)
 (/usr/share/texlive/texmf-dist/tex/latex/graphics/trig.sty
Package: trig 2021/08/11 v1.11 sin cos tan (DPC)
) (/usr/share/texlive/texmf-dist/tex/latex/graphics-cfg/graphics.cfg
File: graphics.cfg 2016/06/04 v1.11 sample graphics configuration
)
Package graphics Info: Driver file: pdftex.def on input line 107.
)
\Gin@req@height=\dimen155
\Gin@req@width=\dimen156
) (/usr/share/texlive/texmf-dist/tex/latex/pgf/systemlayer/pgfsys.sty (/usr/share/texlive/texmf-dist/tex/generic/pgf/systemlayer/pgfsys.code.tex
Package: pgfsys 2021/05/15 v3.1.9a (3.1.9a)
 (/usr/share/texlive/texmf-dist/tex/generic/pgf/utilities/pgfkeys.code.tex
\pgfkeys@pathtoks=\toks27
\pgfkeys@temptoks=\toks28
 (/usr/share/texlive/texmf-dist/tex/generic/pgf/utilities/pgfkeysfiltered.code.tex
\pgfkeys@tmptoks=\toks29
))
\pgf@x=\dimen157
\pgf@y=\dimen158
\pgf@xa=\dimen159
\pgf@ya=\dimen160
\pgf@xb=\dimen161
\pgf@yb=\dimen162
\pgf@xc=\dimen163
\pgf@yc=\dimen164
\pgf@xd=\dimen165
\pgf@yd=\dimen166
\w@pgf@writea=\write3
\r@pgf@reada=\read3
\c@pgf@counta=\count283
\c@pgf@countb=\count284
\c@pgf@countc=\count285
\c@pgf@countd=\count286
\t@pgf@toka=\toks30
\t@pgf@tokb=\toks31
\t@pgf@tokc=\toks32
\pgf@sys@id@count=\count287
 (/usr/share/texlive/texmf-dist/tex/generic/pgf/systemlayer/pgf.cfg
File: pgf.cfg 2021/05/15 v3.1.9a (3.1.9a)
)
Driver file for pgf: pgfsys-pdftex.def
 (/usr/share/texlive/texmf-dist/tex/generic/pgf/systemlayer/pgfsys-pdftex.def
File: pgfsys-pdftex.def 2021/05/15 v3.1.9a (3.1.9a)
 (/usr/share/texlive/texmf-dist/tex/generic/pgf/systemlayer/pgfsys-common-pdf.def
File: pgfsys-common-pdf.def 2021/05/15 v3.1.9a (3.1.9a)
))) (/usr/share/texlive/texmf-dist/tex/generic/pgf/systemlayer/pgfsyssoftpath.code.tex
File: pgfsyssoftpath.code.tex 2021/05/15 v3.1.9a (3.1.9a)
\pgfsyssoftpath@smallbuffer@items=\count288
\pgfsyssoftpath@bigbuffer@items=\count289
) (/usr/share/texlive/texmf-dist/tex/generic/pgf/systemlayer/pgfsysprotocol.code.tex
File: pgfsysprotocol.code.tex 2021/05/15 v3.1.9a (3.1.9a)
)) (/usr/share/texlive/texmf-dist/tex/generic/pgf/basiclayer/pgfcore.code.tex
Package: pgfcore 2021/05/15 v3.1.9a (3.1.9a)
 (/usr/share/texlive/texmf-dist/tex/generic/pgf/math/pgfmath.code.tex (/usr/share/texlive/texmf-dist/tex/generic/pgf/math/pgfmathcalc.code.tex (/usr/share/texlive/texmf-dist/tex/generic/pgf/math/pgfmathutil.code.tex) (/usr/share/texlive/texmf-dist/tex/generic/pgf/math/pgfmathparser.code.tex
\pgfmath@dimen=\dimen167
\pgfmath@count=\count290
\pgfmath@box=\box56
\pgfmath@toks=\toks33
\pgfmath@stack@operand=\toks34
\pgfmath@stack@operation=\toks35
) (/usr/share/texlive/texmf-dist/tex/generic/pgf/math/pgfmathfunctions.code.tex (/usr/share/texlive/texmf-dist/tex/generic/pgf/math/pgfmathfunctions.basic.code.tex) (/usr/share/texlive/texmf-dist/tex/generic/pgf/math/pgfmathfunctions.trigonometric.code.tex) (/usr/share/texlive/texmf-dist/tex/generic/pgf/math/pgfmathfunctions.random.code.tex) (/usr/share/texlive/texmf-dist/tex/generic/pgf/math/pgfmathfunctions.comparison.code.tex) (/usr/share/texlive/texmf-dist/tex/generic/pgf/math/pgfmathfunctions.base.code.tex) (/usr/share/texlive/texmf-dist/tex/generic/pgf/math/pgfmathfunctions.round.code.tex) (/usr/share/texlive/texmf-dist/tex/generic/pgf/math/pgfmathfunctions.misc.code.tex) (/usr/share/texlive/texmf-dist/tex/generic/pgf/math/pgfmathfunctions.integerarithmetics.code.tex))) (/usr/share/texlive/texmf-dist/tex/generic/pgf/math/pgfmathfloat.code.tex
\c@pgfmathroundto@lastzeros=\count291
)) (/usr/share/texlive/texmf-dist/tex/generic/pgf/math/pgfint.code.tex) (/usr/share/texlive/texmf-dist/tex/generic/pgf/basiclayer/pgfcorepoints.code.tex
File: pgfcorepoints.code.tex 2021/05/15 v3.1.9a (3.1.9a)
\pgf@picminx=\dimen168
\pgf@picmaxx=\dimen169
\pgf@picminy=\dimen170
\pgf@picmaxy=\dimen171
\pgf@pathminx=\dimen172
\pgf@pathmaxx=\dimen173
\pgf@pathminy=\dimen174
\pgf@pathmaxy=\dimen175
\pgf@xx=\dimen176
\pgf@xy=\dimen177
\pgf@yx=\dimen178
\pgf@yy=\dimen179
\pgf@zx=\dimen180
\pgf@zy=\dimen181
) (/usr/share/texlive/texmf-dist/tex/generic/pgf/basiclayer/pgfcorepathconstruct.code.tex
File: pgfcorepathconstruct.code.tex 2021/05/15 v3.1.9a (3.1.9a)
\pgf@path@lastx=\dimen182
\pgf@path@lasty=\dimen183
) (/usr/share/texlive/texmf-dist/tex/generic/pgf/basiclayer/pgfcorepathusage.code.tex
File: pgfcorepathusage.code.tex 2021/05/15 v3.1.9a (3.1.9a)
\pgf@shorten@end@additional=\dimen184
\pgf@shorten@start@additional=\dimen185
) (/usr/share/texlive/texmf-dist/tex/generic/pgf/basiclayer/pgfcorescopes.code.tex
File: pgfcorescopes.code.tex 2021/05/15 v3.1.9a (3.1.9a)
\pgfpic=\box57
\pgf@hbox=\box58
\pgf@layerbox@main=\box59
\pgf@picture@serial@count=\count292
) (/usr/share/texlive/texmf-dist/tex/generic/pgf/basiclayer/pgfcoregraphicstate.code.tex
File: pgfcoregraphicstate.code.tex 2021/05/15 v3.1.9a (3.1.9a)
\pgflinewidth=\dimen186
) (/usr/share/texlive/texmf-dist/tex/generic/pgf/basiclayer/pgfcoretransformations.code.tex
File: pgfcoretransformations.code.tex 2021/05/15 v3.1.9a (3.1.9a)
\pgf@pt@x=\dimen187
\pgf@pt@y=\dimen188
\pgf@pt@temp=\dimen189
) (/usr/share/texlive/texmf-dist/tex/generic/pgf/basiclayer/pgfcorequick.code.tex
File: pgfcorequick.code.tex 2021/05/15 v3.1.9a (3.1.9a)
) (/usr/share/texlive/texmf-dist/tex/generic/pgf/basiclayer/pgfcoreobjects.code.tex
File: pgfcoreobjects.code.tex 2021/05/15 v3.1.9a (3.1.9a)
) (/usr/share/texlive/texmf-dist/tex/generic/pgf/basiclayer/pgfcorepathprocessing.code.tex
File: pgfcorepathprocessing.code.tex 2021/05/15 v3.1.9a (3.1.9a)
) (/usr/share/texlive/texmf-dist/tex/generic/pgf/basiclayer/pgfcorearrows.code.tex
File: pgfcorearrows.code.tex 2021/05/15 v3.1.9a (3.1.9a)
\pgfarrowsep=\dimen190
) (/usr/share/texlive/texmf-dist/tex/generic/pgf/basiclayer/pgfcoreshade.code.tex
File: pgfcoreshade.code.tex 2021/05/15 v3.1.9a (3.1.9a)
\pgf@max=\dimen191
\pgf@sys@shading@range@num=\count293
\pgf@shadingcount=\count294
) (/usr/share/texlive/texmf-dist/tex/generic/pgf/basiclayer/pgfcoreimage.code.tex
File: pgfcoreimage.code.tex 2021/05/15 v3.1.9a (3.1.9a)
 (/usr/share/texlive/texmf-dist/tex/generic/pgf/basiclayer/pgfcoreexternal.code.tex
File: pgfcoreexternal.code.tex 2021/05/15 v3.1.9a (3.1.9a)
\pgfexternal@startupbox=\box60
)) (/usr/share/texlive/texmf-dist/tex/generic/pgf/basiclayer/pgfcorelayers.code.tex
File: pgfcorelayers.code.tex 2021/05/15 v3.1.9a (3.1.9a)
) (/usr/share/texlive/texmf-dist/tex/generic/pgf/basiclayer/pgfcoretransparency.code.tex
File: pgfcoretransparency.code.tex 2021/05/15 v3.1.9a (3.1.9a)
) (/usr/share/texlive/texmf-dist/tex/generic/pgf/basiclayer/pgfcorepatterns.code.tex
File: pgfcorepatterns.code.tex 2021/05/15 v3.1.9a (3.1.9a)
) (/usr/share/texlive/texmf-dist/tex/generic/pgf/basiclayer/pgfcorerdf.code.tex
File: pgfcorerdf.code.tex 2021/05/15 v3.1.9a (3.1.9a)
))) (/usr/share/texlive/texmf-dist/tex/generic/pgf/modules/pgfmoduleshapes.code.tex
File: pgfmoduleshapes.code.tex 2021/05/15 v3.1.9a (3.1.9a)
\pgfnodeparttextbox=\box61
) (/usr/share/texlive/texmf-dist/tex/generic/pgf/modules/pgfmoduleplot.code.tex
File: pgfmoduleplot.code.tex 2021/05/15 v3.1.9a (3.1.9a)
) (/usr/share/texlive/texmf-dist/tex/latex/pgf/compatibility/pgfcomp-version-0-65.sty
Package: pgfcomp-version-0-65 2021/05/15 v3.1.9a (3.1.9a)
\pgf@nodesepstart=\dimen192
\pgf@nodesepend=\dimen193
) (/usr/share/texlive/texmf-dist/tex/latex/pgf/compatibility/pgfcomp-version-1-18.sty
Package: pgfcomp-version-1-18 2021/05/15 v3.1.9a (3.1.9a)
)) (/usr/share/texlive/texmf-dist/tex/latex/pgf/utilities/pgffor.sty (/usr/share/texlive/texmf-dist/tex/latex/pgf/utilities/pgfkeys.sty (/usr/share/texlive/texmf-dist/tex/generic/pgf/utilities/pgfkeys.code.tex)) (/usr/share/texlive/texmf-dist/tex/latex/pgf/math/pgfmath.sty (/usr/share/texlive/texmf-dist/tex/generic/pgf/math/pgfmath.code.tex)) (/usr/share/texlive/texmf-dist/tex/generic/pgf/utilities/pgffor.code.tex
Package: pgffor 2021/05/15 v3.1.9a (3.1.9a)
 (/usr/share/texlive/texmf-dist/tex/generic/pgf/math/pgfmath.code.tex)
\pgffor@iter=\dimen194
\pgffor@skip=\dimen195
\pgffor@stack=\toks36
\pgffor@toks=\toks37
)) (/usr/share/texlive/texmf-dist/tex/generic/pgf/frontendlayer/tikz/tikz.code.tex
Package: tikz 2021/05/15 v3.1.9a (3.1.9a)
 (/usr/share/texlive/texmf-dist/tex/generic/pgf/libraries/pgflibraryplothandlers.code.tex
File: pgflibraryplothandlers.code.tex 2021/05/15 v3.1.9a (3.1.9a)
\pgf@plot@mark@count=\count295
\pgfplotmarksize=\dimen196
)
\tikz@lastx=\dimen197
\tikz@lasty=\dimen198
\tikz@lastxsaved=\dimen199
\tikz@lastysaved=\dimen256
\tikz@lastmovetox=\dimen257
\tikz@lastmovetoy=\dimen258
\tikzleveldistance=\dimen259
\tikzsiblingdistance=\dimen260
\tikz@figbox=\box62
\tikz@figbox@bg=\box63
\tikz@tempbox=\box64
\tikz@tempbox@bg=\box65
\tikztreelevel=\count296
\tikznumberofchildren=\count297
\tikznumberofcurrentchild=\count298
\tikz@fig@count=\count299
 (/usr/share/texlive/texmf-dist/tex/generic/pgf/modules/pgfmodulematrix.code.tex
File: pgfmodulematrix.code.tex 2021/05/15 v3.1.9a (3.1.9a)
\pgfmatrixcurrentrow=\count300
\pgfmatrixcurrentcolumn=\count301
\pgf@matrix@numberofcolumns=\count302
)
\tikz@expandcount=\count303
 (/usr/share/texlive/texmf-dist/tex/generic/pgf/frontendlayer/tikz/libraries/tikzlibrarytopaths.code.tex
File: tikzlibrarytopaths.code.tex 2021/05/15 v3.1.9a (3.1.9a)
))) (/usr/share/texlive/texmf-dist/tex/latex/tools/dcolumn.sty
Package: dcolumn 2014/10/28 v1.06 decimal alignment package (DPC)
 (/usr/share/texlive/texmf-dist/tex/latex/tools/array.sty
Package: array 2021/10/04 v2.5f Tabular extension package (FMi)
\col@sep=\dimen261
\ar@mcellbox=\box66
\extrarowheight=\dimen262
\NC@list=\toks38
\extratabsurround=\skip52
\backup@length=\skip53
\ar@cellbox=\box67
)) (/usr/share/texlive/texmf-dist/tex/latex/tools/verbatim.sty
Package: verbatim 2020-07-07 v1.5u LaTeX2e package for verbatim enhancements
\every@verbatim=\toks39
\verbatim@line=\toks40
\verbatim@in@stream=\read4
) (/usr/share/texlive/texmf-dist/tex/latex/fancyhdr/fancyhdr.sty
Package: fancyhdr 2021/01/28 v4.0.1 Extensive control of page headers and footers
\f@nch@headwidth=\skip54
\f@nch@O@elh=\skip55
\f@nch@O@erh=\skip56
\f@nch@O@olh=\skip57
\f@nch@O@orh=\skip58
\f@nch@O@elf=\skip59
\f@nch@O@erf=\skip60
\f@nch@O@olf=\skip61
\f@nch@O@orf=\skip62
) (/usr/share/texlive/texmf-dist/tex/latex/tools/afterpage.sty
Package: afterpage 2014/10/28 v1.08 After-Page Package (DPC)
\AP@output=\toks41
\AP@partial=\box68
\AP@footins=\box69
) (/usr/share/texlive/texmf-dist/tex/latex/tools/longtable.sty
Package: longtable 2021-09-01 v4.17 Multi-page Table package (DPC)
\LTleft=\skip63
\LTright=\skip64
\LTpre=\skip65
\LTpost=\skip66
\LTchunksize=\count304
\LTcapwidth=\dimen263
\LT@head=\box70
\LT@firsthead=\box71
\LT@foot=\box72
\LT@lastfoot=\box73
\LT@gbox=\box74
\LT@cols=\count305
\LT@rows=\count306
\c@LT@tables=\count307
\c@LT@chunks=\count308
\LT@p@ftn=\toks42
) (./pythonhighlight.sty
Package: pythonhighlight 2011/09/19 python code highlighting; provided by Olivier Verdier <olivier.verdier@gmail.com>
) (/usr/share/texlive/texmf-dist/tex/latex/hyperref/hyperref.sty
Package: hyperref 2021-06-07 v7.00m Hypertext links for LaTeX
 (/usr/share/texlive/texmf-dist/tex/generic/ltxcmds/ltxcmds.sty
Package: ltxcmds 2020-05-10 v1.25 LaTeX kernel commands for general use (HO)
) (/usr/share/texlive/texmf-dist/tex/generic/iftex/iftex.sty
Package: iftex 2020/03/06 v1.0d TeX engine tests
) (/usr/share/texlive/texmf-dist/tex/generic/pdftexcmds/pdftexcmds.sty
Package: pdftexcmds 2020-06-27 v0.33 Utility functions of pdfTeX for LuaTeX (HO)
 (/usr/share/texlive/texmf-dist/tex/generic/infwarerr/infwarerr.sty
Package: infwarerr 2019/12/03 v1.5 Providing info/warning/error messages (HO)
)
Package pdftexcmds Info: \pdf@primitive is available.
Package pdftexcmds Info: \pdf@ifprimitive is available.
Package pdftexcmds Info: \pdfdraftmode found.
) (/usr/share/texlive/texmf-dist/tex/generic/kvsetkeys/kvsetkeys.sty
Package: kvsetkeys 2019/12/15 v1.18 Key value parser (HO)
) (/usr/share/texlive/texmf-dist/tex/generic/kvdefinekeys/kvdefinekeys.sty
Package: kvdefinekeys 2019-12-19 v1.6 Define keys (HO)
) (/usr/share/texlive/texmf-dist/tex/generic/pdfescape/pdfescape.sty
Package: pdfescape 2019/12/09 v1.15 Implements pdfTeX's escape features (HO)
) (/usr/share/texlive/texmf-dist/tex/latex/hycolor/hycolor.sty
Package: hycolor 2020-01-27 v1.10 Color options for hyperref/bookmark (HO)
) (/usr/share/texlive/texmf-dist/tex/latex/letltxmacro/letltxmacro.sty
Package: letltxmacro 2019/12/03 v1.6 Let assignment for LaTeX macros (HO)
) (/usr/share/texlive/texmf-dist/tex/latex/auxhook/auxhook.sty
Package: auxhook 2019-12-17 v1.6 Hooks for auxiliary files (HO)
) (/usr/share/texlive/texmf-dist/tex/latex/kvoptions/kvoptions.sty
Package: kvoptions 2020-10-07 v3.14 Key value format for package options (HO)
)
\@linkdim=\dimen264
\Hy@linkcounter=\count309
\Hy@pagecounter=\count310
 (/usr/share/texlive/texmf-dist/tex/latex/hyperref/pd1enc.def
File: pd1enc.def 2021-06-07 v7.00m Hyperref: PDFDocEncoding definition (HO)
Now handling font encoding PD1 ...
... no UTF-8 mapping file for font encoding PD1
) (/usr/share/texlive/texmf-dist/tex/latex/hyperref/hyperref-langpatches.def
File: hyperref-langpatches.def 2021-06-07 v7.00m Hyperref: patches for babel languages
) (/usr/share/texlive/texmf-dist/tex/generic/intcalc/intcalc.sty
Package: intcalc 2019/12/15 v1.3 Expandable calculations with integers (HO)
) (/usr/share/texlive/texmf-dist/tex/generic/etexcmds/etexcmds.sty
Package: etexcmds 2019/12/15 v1.7 Avoid name clashes with e-TeX commands (HO)
)
\Hy@SavedSpaceFactor=\count311
 (/usr/share/texlive/texmf-dist/tex/latex/hyperref/puenc.def
File: puenc.def 2021-06-07 v7.00m Hyperref: PDF Unicode definition (HO)
Now handling font encoding PU ...
... no UTF-8 mapping file for font encoding PU
)

Package hyperref Warning: Invalid value `000'
(hyperref)                for option `pdfborder'.
(hyperref)                Option setting is ignored on input line 4073.

Package hyperref Info: Hyper figures OFF on input line 4192.
Package hyperref Info: Link nesting OFF on input line 4197.
Package hyperref Info: Hyper index ON on input line 4200.
Package hyperref Info: Plain pages OFF on input line 4207.
Package hyperref Info: Backreferencing OFF on input line 4212.
Package hyperref Info: Implicit mode ON; LaTeX internals redefined.
Package hyperref Info: Bookmarks ON on input line 4445.
\c@Hy@tempcnt=\count312
(/usr/share/texlive/texmf-dist/tex/latex/url/url.sty
\Urlmuskip=\muskip17
Package: url 2013/09/16  ver 3.4  Verb mode for urls, etc.
)
LaTeX Info: Redefining \url on input line 4804.
\XeTeXLinkMargin=\dimen265
 (/usr/share/texlive/texmf-dist/tex/generic/bitset/bitset.sty
Package: bitset 2019/12/09 v1.3 Handle bit-vector datatype (HO)
 (/usr/share/texlive/texmf-dist/tex/generic/bigintcalc/bigintcalc.sty
Package: bigintcalc 2019/12/15 v1.5 Expandable calculations on big integers (HO)
))
\Fld@menulength=\count313
\Field@Width=\dimen266
\Fld@charsize=\dimen267
Package hyperref Info: Hyper figures OFF on input line 6076.
Package hyperref Info: Link nesting OFF on input line 6081.
Package hyperref Info: Hyper index ON on input line 6084.
Package hyperref Info: backreferencing OFF on input line 6091.
Package hyperref Info: Link coloring OFF on input line 6096.
Package hyperref Info: Link coloring with OCG OFF on input line 6101.
Package hyperref Info: PDF/A mode OFF on input line 6106.
LaTeX Info: Redefining \ref on input line 6146.
LaTeX Info: Redefining \pageref on input line 6150.
 (/usr/share/texlive/texmf-dist/tex/latex/base/atbegshi-ltx.sty
Package: atbegshi-ltx 2021/01/10 v1.0c Emulation of the original atbegshi
package with kernel methods
)
\Hy@abspage=\count314
\c@Item=\count315
\c@Hfootnote=\count316
)
Package hyperref Info: Driver (autodetected): hpdftex.
 (/usr/share/texlive/texmf-dist/tex/latex/hyperref/hpdftex.def
File: hpdftex.def 2021-06-07 v7.00m Hyperref driver for pdfTeX
 (/usr/share/texlive/texmf-dist/tex/latex/base/atveryend-ltx.sty
Package: atveryend-ltx 2020/08/19 v1.0a Emulation of the original atveryend package
with kernel methods
)
\Fld@listcount=\count317
\c@bookmark@seq@number=\count318
 (/usr/share/texlive/texmf-dist/tex/latex/rerunfilecheck/rerunfilecheck.sty
Package: rerunfilecheck 2019/12/05 v1.9 Rerun checks for auxiliary files (HO)
 (/usr/share/texlive/texmf-dist/tex/generic/uniquecounter/uniquecounter.sty
Package: uniquecounter 2019/12/15 v1.4 Provide unlimited unique counter (HO)
)
Package uniquecounter Info: New unique counter `rerunfilecheck' on input line 286.
)
\Hy@SectionHShift=\skip67
) (/usr/share/texlive/texmf-dist/tex/latex/colortbl/colortbl.sty
Package: colortbl 2020/01/04 v1.0e Color table columns (DPC)
\everycr=\toks43
\minrowclearance=\skip68
) (/usr/share/texlive/texmf-dist/tex/latex/footmisc/footmisc.sty
Package: footmisc 2011/06/06 v5.5b a miscellany of footnote facilities
\FN@temptoken=\toks44
\footnotemargin=\dimen268
\c@pp@next@reset=\count319
Package footmisc Info: Declaring symbol style bringhurst on input line 855.
Package footmisc Info: Declaring symbol style chicago on input line 863.
Package footmisc Info: Declaring symbol style wiley on input line 872.
Package footmisc Info: Declaring symbol style lamport-robust on input line 883.
Package footmisc Info: Declaring symbol style lamport* on input line 903.
Package footmisc Info: Declaring symbol style lamport*-robust on input line 924.
)
\c@teorema=\count320
\c@ejemplo=\count321
\c@definicion=\count322
 (/usr/share/texlive/texmf-dist/tex/latex/pdfpages/pdfpages.sty
Package: pdfpages 2022/01/29 v0.5u Insert pages of external PDF documents (AM)
 (/usr/share/texlive/texmf-dist/tex/latex/base/ifthen.sty
Package: ifthen 2020/11/24 v1.1c Standard LaTeX ifthen package (DPC)
) (/usr/share/texlive/texmf-dist/tex/latex/tools/calc.sty
Package: calc 2017/05/25 v4.3 Infix arithmetic (KKT,FJ)
\calc@Acount=\count323
\calc@Bcount=\count324
\calc@Adimen=\dimen269
\calc@Bdimen=\dimen270
\calc@Askip=\skip69
\calc@Bskip=\skip70
LaTeX Info: Redefining \setlength on input line 80.
LaTeX Info: Redefining \addtolength on input line 81.
\calc@Ccount=\count325
\calc@Cskip=\skip71
) (/usr/share/texlive/texmf-dist/tex/latex/eso-pic/eso-pic.sty
Package: eso-pic 2020/10/14 v3.0a eso-pic (RN)
\ESO@tempdima=\dimen271
\ESO@tempdimb=\dimen272
)
\AM@pagewidth=\dimen273
\AM@pageheight=\dimen274
\AM@fboxrule=\dimen275
 (/usr/share/texlive/texmf-dist/tex/latex/pdfpages/pppdftex.def
File: pppdftex.def 2022/01/29 v0.5u Pdfpages driver for pdfTeX (AM)
)
\pdfpages@includegraphics@status=\count326
\AM@pagebox=\box75
\AM@global@opts=\toks45
\AM@pagecnt=\count327
\AM@toc@title=\toks46
\c@AM@survey=\count328
\AM@templatesizebox=\box76
) (/usr/share/texlive/texmf-dist/tex/latex/l3backend/l3backend-pdftex.def
File: l3backend-pdftex.def 2022-01-12 L3 backend support: PDF output (pdfTeX)
\l__color_backend_stack_int=\count329
\l__pdf_internal_box=\box77
) (./proyecto.aux
LaTeX Info: Redefining \. on input line 25.
LaTeX Info: Redefining \% on input line 25.


LaTeX Warning: Label `fig:circuit' multiply defined.


LaTeX Warning: Label `fig:circuit' multiply defined.


LaTeX Warning: Label `zmpt101b_img' multiply defined.

)
\openout1 = `proyecto.aux'.

LaTeX Font Info:    Checking defaults for OML/cmm/m/it on input line 197.
LaTeX Font Info:    ... okay on input line 197.
LaTeX Font Info:    Checking defaults for OMS/cmsy/m/n on input line 197.
LaTeX Font Info:    ... okay on input line 197.
LaTeX Font Info:    Checking defaults for OT1/cmr/m/n on input line 197.
LaTeX Font Info:    ... okay on input line 197.
LaTeX Font Info:    Checking defaults for T1/cmr/m/n on input line 197.
LaTeX Font Info:    ... okay on input line 197.
LaTeX Font Info:    Checking defaults for TS1/cmr/m/n on input line 197.
LaTeX Font Info:    ... okay on input line 197.
LaTeX Font Info:    Checking defaults for OMX/cmex/m/n on input line 197.
LaTeX Font Info:    ... okay on input line 197.
LaTeX Font Info:    Checking defaults for U/cmr/m/n on input line 197.
LaTeX Font Info:    ... okay on input line 197.
LaTeX Font Info:    Checking defaults for PD1/pdf/m/n on input line 197.
LaTeX Font Info:    ... okay on input line 197.
LaTeX Font Info:    Checking defaults for PU/pdf/m/n on input line 197.
LaTeX Font Info:    ... okay on input line 197.
\c@lstlisting=\count330
LaTeX Info: Redefining \. on input line 197.
LaTeX Info: Redefining \% on input line 197.
 (/usr/share/texlive/texmf-dist/tex/context/base/mkii/supp-pdf.mkii
[Loading MPS to PDF converter (version 2006.09.02).]
\scratchcounter=\count331
\scratchdimen=\dimen276
\scratchbox=\box78
\nofMPsegments=\count332
\nofMParguments=\count333
\everyMPshowfont=\toks47
\MPscratchCnt=\count334
\MPscratchDim=\dimen277
\MPnumerator=\count335
\makeMPintoPDFobject=\count336
\everyMPtoPDFconversion=\toks48
) (/usr/share/texlive/texmf-dist/tex/latex/epstopdf-pkg/epstopdf-base.sty
Package: epstopdf-base 2020-01-24 v2.11 Base part for package epstopdf
Package epstopdf-base Info: Redefining graphics rule for `.eps' on input line 485.
 (/usr/share/texlive/texmf-dist/tex/latex/latexconfig/epstopdf-sys.cfg
File: epstopdf-sys.cfg 2010/07/13 v1.3 Configuration of (r)epstopdf for TeX Live
))
Package hyperref Info: Link coloring OFF on input line 197.
 (/usr/share/texlive/texmf-dist/tex/latex/hyperref/nameref.sty
Package: nameref 2021-04-02 v2.47 Cross-referencing by name of section
 (/usr/share/texlive/texmf-dist/tex/latex/refcount/refcount.sty
Package: refcount 2019/12/15 v3.6 Data extraction from label references (HO)
) (/usr/share/texlive/texmf-dist/tex/generic/gettitlestring/gettitlestring.sty
Package: gettitlestring 2019/12/15 v1.6 Cleanup title references (HO)
)
\c@section@level=\count337
)
LaTeX Info: Redefining \ref on input line 197.
LaTeX Info: Redefining \pageref on input line 197.
LaTeX Info: Redefining \nameref on input line 197.
 (./proyecto.out) (./proyecto.out)
\@outlinefile=\write4
\openout4 = `proyecto.out'.

 (/usr/share/texlive/texmf-dist/tex/latex/pdflscape/pdflscape.sty
Package: pdflscape 2019/12/05 v0.12 Display of landscape pages in PDF (HO)
 (/usr/share/texlive/texmf-dist/tex/latex/graphics/lscape.sty
Package: lscape 2020/05/28 v3.02 Landscape Pages (DPC)
)
Package pdflscape Info: Auto-detected driver: pdftex on input line 81.
) (./portada/portada.tex
\centeroffset=\skip72
<imagenes/logo_uoc.png, id=256, 385.44pt x 149.8398pt>
File: imagenes/logo_uoc.png Graphic file (type png)
<use imagenes/logo_uoc.png>
Package pdftex.def Info: imagenes/logo_uoc.png  used on input line 11.
(pdftex.def)             Requested size: 350.99762pt x 136.45044pt.

Overfull \hbox (21.0pt too wide) in paragraph at lines 8--23
| $[]$ 
 []


Overfull \hbox (21.0pt too wide) in paragraph at lines 25--37
| $[]$ 
 []

[1


{/var/lib/texmf/fonts/map/pdftex/updmap/pdftex.map} <./imagenes/logo_uoc.png>]) (./prefacios/prefacio.tex [2

] [3] [4

]
Underfull \hbox (badness 4954) in paragraph at lines 22--23
\OT1/cmr/bx/n/12 Palabras cla-ve\OT1/cmr/m/n/12 : Mi-cropython, Soft-wa-re em-be-bi-do, Esp32, Acs712,
 []


Underfull \hbox (badness 10000) in paragraph at lines 22--23

 []


Underfull \hbox (badness 10000) in paragraph at lines 25--26

 []


Underfull \hbox (badness 10000) in paragraph at lines 27--28

 []


Underfull \hbox (badness 10000) in paragraph at lines 29--30

 []


Underfull \hbox (badness 10000) in paragraph at lines 31--32

 []

[5] [6

]
Underfull \hbox (badness 10000) in paragraph at lines 47--48

 []


Underfull \hbox (badness 10000) in paragraph at lines 50--51

 []


Underfull \hbox (badness 10000) in paragraph at lines 52--53

 []


Underfull \hbox (badness 10000) in paragraph at lines 54--55

 []


Underfull \hbox (badness 10000) in paragraph at lines 56--57

 []

[7] [8

]
Underfull \hbox (badness 10000) in paragraph at lines 61--62

 []

) [9] [10

] (./proyecto.toc
LaTeX Info: Redefining \. on input line 1.
LaTeX Info: Redefining \% on input line 1.
 [1

])
\tf@toc=\write5
\openout5 = `proyecto.toc'.



LaTeX Font Warning: Font shape `OT1/cmr/bx/sc' undefined
(Font)              using `OT1/cmr/bx/n' instead on input line 203.


Package spanish Warning: Replacing `OT1/cmr/bx/sc' by 
(spanish)                faked small caps on input line 203.

LaTeX Info: Redefining \. on input line 203.
LaTeX Info: Redefining \% on input line 203.
[2] (./proyecto.lof
LaTeX Info: Redefining \. on input line 1.
LaTeX Info: Redefining \% on input line 1.
 [3

])
\tf@lof=\write6
\openout6 = `proyecto.lof'.



Package spanish Warning: Replacing `OT1/cmr/bx/sc' by 
(spanish)                faked small caps on input line 207.

LaTeX Info: Redefining \. on input line 207.
LaTeX Info: Redefining \% on input line 207.
[4] (./capitulos/01_Introduccion.tex
Cap\'{\i }tulo 1.

Underfull \hbox (badness 10000) in paragraph at lines 5--6

 []


Underfull \hbox (badness 10000) in paragraph at lines 7--8

 []


Underfull \hbox (badness 2012) in paragraph at lines 9--10
[]\OT1/cmr/m/n/12 En es-te pro-yec-to se plan-tea el des-plie-gue de di-fe-ren-tes sis-te-mas
 []


Underfull \hbox (badness 10000) in paragraph at lines 9--10

 []


Underfull \hbox (badness 2435) in paragraph at lines 14--15
[]\OT1/cmr/m/n/12 Estudio de via-bi-li-dad de la pla-ta-for-ma de de-sa-rro-llo. Uso de
 []


Underfull \vbox (badness 10000) has occurred while \output is active []

pdfTeX warning (ext4): destination with the same identifier (name{page.1}) has been already used, duplicate ignored
<to be read again> 
                   \relax 
l.15 \item E
            studio de los diferentes dispositivos que se pueden utilizar par... [1



]
<imagenes/gantt_inicial.PNG, id=512, 2154.0475pt x 564.1075pt>
File: imagenes/gantt_inicial.PNG Graphic file (type png)
<use imagenes/gantt_inicial.PNG>
Package pdftex.def Info: imagenes/gantt_inicial.PNG  used on input line 25.
(pdftex.def)             Requested size: 390.0pt x 102.12888pt.
<imagenes/gantt_final.PNG, id=513, 2295.57625pt x 583.17876pt>
File: imagenes/gantt_final.PNG Graphic file (type png)
<use imagenes/gantt_final.PNG>
Package pdftex.def Info: imagenes/gantt_final.PNG  used on input line 32.
(pdftex.def)             Requested size: 390.0pt x 99.07678pt.


LaTeX Warning: `!h' float specifier changed to `!ht'.

LaTeX Info: Redefining \. on input line 36.
LaTeX Info: Redefining \% on input line 36.
pdfTeX warning (ext4): destination with the same identifier (name{page.2}) has been already used, duplicate ignored
<to be read again> 
                   \relax 
l.36 \newpage
              [2 <./imagenes/gantt_inicial.png>]
Underfull \hbox (badness 10000) in paragraph at lines 39--40

 []


Underfull \hbox (badness 10000) in paragraph at lines 41--42

 []

LaTeX Info: Redefining \. on input line 59.
LaTeX Info: Redefining \% on input line 59.
pdfTeX warning (ext4): destination with the same identifier (name{page.3}) has been already used, duplicate ignored
<to be read again> 
                   \relax 
l.59 	\item x
             3 sensores de voltaje. [3 <./imagenes/gantt_final.png>]
Underfull \hbox (badness 1320) in paragraph at lines 73--74
\OT1/cmr/m/n/12 los di-fe-ren-tes dis-po-si-ti-vos que se pue-den uti-li-zar pa-ra me-dir el
 []

LaTeX Info: Redefining \. on input line 78.
LaTeX Info: Redefining \% on input line 78.
pdfTeX warning (ext4): destination with the same identifier (name{page.4}) has been already used, duplicate ignored
<to be read again> 
                   \relax 
l.78 \end{enumerate}
                     [4]
LaTeX Info: Redefining \. on input line 80.
LaTeX Info: Redefining \% on input line 80.
pdfTeX warning (ext4): destination with the same identifier (name{page.5}) has been already used, duplicate ignored
<to be read again> 
                   \relax 
l.80 \end{titlepage}
                     [5]) (./capitulos/02_Teoria.texpdfTeX warning (ext4): destination with the same identifier (name{page.6}) has been already used, duplicate ignored
<to be read again> 
                   \relax 
l.1 \begin{titlepage}
                      [6

]
Cap\'{\i }tulo 2.

Underfull \hbox (badness 10000) in paragraph at lines 7--8

 []

<imagenes/contador.jpg, id=547, 369.38pt x 210.7875pt>
File: imagenes/contador.jpg Graphic file (type jpg)
<use imagenes/contador.jpg>
Package pdftex.def Info: imagenes/contador.jpg  used on input line 20.
(pdftex.def)             Requested size: 292.5pt x 166.91591pt.

LaTeX Warning: `!h' float specifier changed to `!ht'.


Underfull \hbox (badness 10000) in paragraph at lines 24--25

 []

pdfTeX warning (ext4): destination with the same identifier (name{page.1}) has been already used, duplicate ignored
<to be read again> 
                   \relax 
l.25 
      [1

]
Underfull \hbox (badness 10000) in paragraph at lines 37--38

 []


Underfull \hbox (badness 10000) in paragraph at lines 39--40

 []


Underfull \hbox (badness 10000) in paragraph at lines 45--46

 []

LaTeX Info: Redefining \. on input line 46.
LaTeX Info: Redefining \% on input line 46.
pdfTeX warning (ext4): destination with the same identifier (name{page.2}) has been already used, duplicate ignored
<to be read again> 
                   \relax 
l.46 
      [2 <./imagenes/contador.jpg>]
<imagenes/medidor_consumo.jpg, id=558, 1445.4pt x 813.0375pt>
File: imagenes/medidor_consumo.jpg Graphic file (type jpg)
<use imagenes/medidor_consumo.jpg>
Package pdftex.def Info: imagenes/medidor_consumo.jpg  used on input line 60.
(pdftex.def)             Requested size: 195.0pt x 109.6809pt.

Underfull \hbox (badness 10000) in paragraph at lines 65--66

 []

LaTeX Info: Redefining \. on input line 76.
LaTeX Info: Redefining \% on input line 76.
pdfTeX warning (ext4): destination with the same identifier (name{page.3}) has been already used, duplicate ignored
<to be read again> 
                   \relax 
l.76 \end{itemize}
                   [3 <./imagenes/medidor_consumo.jpg>]
<imagenes/medidor_cuadro.jpg, id=565, 356.33125pt x 356.33125pt>
File: imagenes/medidor_cuadro.jpg Graphic file (type jpg)
<use imagenes/medidor_cuadro.jpg>
Package pdftex.def Info: imagenes/medidor_cuadro.jpg  used on input line 79.
(pdftex.def)             Requested size: 97.5pt x 97.49933pt.

Underfull \hbox (badness 10000) in paragraph at lines 84--85

 []

<imagenes/monitor_consumo.jpg, id=567, 1505.625pt x 1505.625pt>
File: imagenes/monitor_consumo.jpg Graphic file (type jpg)
<use imagenes/monitor_consumo.jpg>
Package pdftex.def Info: imagenes/monitor_consumo.jpg  used on input line 99.
(pdftex.def)             Requested size: 97.5pt x 97.4785pt.

LaTeX Warning: `!h' float specifier changed to `!ht'.

LaTeX Info: Redefining \. on input line 103.
LaTeX Info: Redefining \% on input line 103.
pdfTeX warning (ext4): destination with the same identifier (name{page.4}) has been already used, duplicate ignored
<to be read again> 
                   \relax 
l.103 \newpage
               [4 <./imagenes/medidor_cuadro.jpg>]
Underfull \hbox (badness 10000) in paragraph at lines 106--107

 []


Underfull \hbox (badness 10000) in paragraph at lines 112--113

 []


Underfull \hbox (badness 10000) in paragraph at lines 115--116

 []

<imagenes/sine_wave.png, id=573, 502.87875pt x 263.98625pt>
File: imagenes/sine_wave.png Graphic file (type png)
<use imagenes/sine_wave.png>
Package pdftex.def Info: imagenes/sine_wave.png  used on input line 119.
(pdftex.def)             Requested size: 292.5pt x 153.54715pt.

LaTeX Warning: `!h' float specifier changed to `!ht'.

LaTeX Info: Redefining \. on input line 122.
LaTeX Info: Redefining \% on input line 122.
pdfTeX warning (ext4): destination with the same identifier (name{page.5}) has been already used, duplicate ignored
<to be read again> 
                   \relax 
l.122 \newpage
               [5 <./imagenes/monitor_consumo.jpg>]
Underfull \hbox (badness 10000) in paragraph at lines 123--124

 []


Underfull \hbox (badness 10000) in paragraph at lines 129--130

 []


Underfull \hbox (badness 10000) in paragraph at lines 131--132

 []

LaTeX Info: Redefining \. on input line 135.
LaTeX Info: Redefining \% on input line 135.
pdfTeX warning (ext4): destination with the same identifier (name{page.6}) has been already used, duplicate ignored
<to be read again> 
                   \relax 
l.135 \end{equation}
                     [6 <./imagenes/sine_wave.png>]
Underfull \hbox (badness 10000) in paragraph at lines 139--140

 []

<imagenes/voltage_rms_example.png, id=593, 481.8pt x 209.78375pt>
File: imagenes/voltage_rms_example.png Graphic file (type png)
<use imagenes/voltage_rms_example.png>
Package pdftex.def Info: imagenes/voltage_rms_example.png  used on input line 154.
(pdftex.def)             Requested size: 292.5pt x 127.36288pt.

Underfull \hbox (badness 10000) in paragraph at lines 159--160

 []

LaTeX Info: Redefining \. on input line 160.
LaTeX Info: Redefining \% on input line 160.
pdfTeX warning (ext4): destination with the same identifier (name{page.7}) has been already used, duplicate ignored
<to be read again> 
                   \relax 
l.160 \subsubsection
                    {INA219} [7 <./imagenes/voltage_rms_example.png>]
Underfull \hbox (badness 10000) in paragraph at lines 161--162

 []

<imagenes/ina219.png, id=606, 912.40875pt x 614.295pt>
File: imagenes/ina219.png Graphic file (type png)
<use imagenes/ina219.png>
Package pdftex.def Info: imagenes/ina219.png  used on input line 172.
(pdftex.def)             Requested size: 97.5pt x 65.64174pt.

Underfull \hbox (badness 10000) in paragraph at lines 177--178

 []

LaTeX Info: Redefining \. on input line 185.
LaTeX Info: Redefining \% on input line 185.
pdfTeX warning (ext4): destination with the same identifier (name{page.8}) has been already used, duplicate ignored
<to be read again> 
                   \relax 
l.185 \end{itemize}
                    [8 <./imagenes/ina219.png>]
<imagenes/zmpt101b.jpeg, id=617, 225.84375pt x 225.84375pt>
File: imagenes/zmpt101b.jpeg Graphic file (type jpg)
<use imagenes/zmpt101b.jpeg>
Package pdftex.def Info: imagenes/zmpt101b.jpeg  used on input line 189.
(pdftex.def)             Requested size: 97.5pt x 97.50032pt.

Underfull \hbox (badness 10000) in paragraph at lines 195--196

 []

<imagenes/acs712.png, id=620, 702.625pt x 409.53pt>
File: imagenes/acs712.png Graphic file (type png)
<use imagenes/acs712.png>
Package pdftex.def Info: imagenes/acs712.png  used on input line 204.
(pdftex.def)             Requested size: 97.5pt x 56.82764pt.

Underfull \hbox (badness 10000) in paragraph at lines 209--210

 []

LaTeX Info: Redefining \. on input line 210.
LaTeX Info: Redefining \% on input line 210.
pdfTeX warning (ext4): destination with the same identifier (name{page.9}) has been already used, duplicate ignored
<to be read again> 
                   \relax 
l.210 \subsection
                 {Arduino} [9 <./imagenes/zmpt101b.jpeg> <./imagenes/acs712.png>]
<imagenes/arduino.png, id=629, 702.625pt x 594.22pt>
File: imagenes/arduino.png Graphic file (type png)
<use imagenes/arduino.png>
Package pdftex.def Info: imagenes/arduino.png  used on input line 214.
(pdftex.def)             Requested size: 195.0pt x 164.9116pt.
<imagenes/rpi.png, id=632, 279.6293pt x 166.77692pt>
File: imagenes/rpi.png Graphic file (type png)
<use imagenes/rpi.png>
Package pdftex.def Info: imagenes/rpi.png  used on input line 221.
(pdftex.def)             Requested size: 195.0pt x 116.30278pt.


LaTeX Warning: `!h' float specifier changed to `!ht'.

<imagenes/esp8266.jpg, id=635, 752.8125pt x 501.875pt>
File: imagenes/esp8266.jpg Graphic file (type jpg)
<use imagenes/esp8266.jpg>
Package pdftex.def Info: imagenes/esp8266.jpg  used on input line 228.
(pdftex.def)             Requested size: 195.0pt x 130.00197pt.

Underfull \vbox (badness 3375) has occurred while \output is active []

LaTeX Info: Redefining \. on input line 231.
LaTeX Info: Redefining \% on input line 231.
pdfTeX warning (ext4): destination with the same identifier (name{page.10}) has been already used, duplicate ignored
<to be read again> 
                   \relax 
l.231 \subsection
                 {ESP32} [10 <./imagenes/arduino.png>]
<imagenes/esp32.png, id=645, 595.9866pt x 344.7279pt>
File: imagenes/esp32.png Graphic file (type png)
<use imagenes/esp32.png>
Package pdftex.def Info: imagenes/esp32.png  used on input line 235.
(pdftex.def)             Requested size: 195.0pt x 112.78743pt.


LaTeX Warning: `!h' float specifier changed to `!ht'.


Underfull \hbox (badness 10000) in paragraph at lines 240--241

 []

LaTeX Info: Redefining \. on input line 241.
LaTeX Info: Redefining \% on input line 241.
[11 <./imagenes/rpi.png> <./imagenes/esp8266.jpg>] (/usr/share/texlive/texmf-dist/tex/latex/listings/lstlang1.sty
File: lstlang1.sty 2020/03/24 1.8d listings language file
)
LaTeX Font Info:    Font shape `OT1/cmtt/bx/n' in size <8> not available
(Font)              Font shape `OT1/cmtt/m/n' tried instead on input line 244.

Underfull \hbox (badness 10000) in paragraph at lines 260--261

 []

LaTeX Info: Redefining \. on input line 261.
LaTeX Info: Redefining \% on input line 261.
[12 <./imagenes/esp32.png>]
Underfull \hbox (badness 10000) in paragraph at lines 262--263

 []


Underfull \hbox (badness 3343) in paragraph at lines 269--270
[]\OT1/cmr/m/n/12 Seguridad. MQTT per-mi-te el uso de TLS pa-ra en-crip-tar la
 []

<imagenes/mqtt.png, id=681, 1027.84pt x 321.2pt>
File: imagenes/mqtt.png Graphic file (type png)
<use imagenes/mqtt.png>
Package pdftex.def Info: imagenes/mqtt.png  used on input line 274.
(pdftex.def)             Requested size: 292.5pt x 91.40572pt.

Underfull \hbox (badness 10000) in paragraph at lines 278--279

 []


Underfull \hbox (badness 10000) in paragraph at lines 281--282

 []

LaTeX Info: Redefining \. on input line 282.
LaTeX Info: Redefining \% on input line 282.
[13 <./imagenes/mqtt.png>]
Underfull \hbox (badness 2626) in paragraph at lines 285--286
[]\OT1/cmr/m/n/12 Zigbee coor-di-na-tor: El el dis-po-si-ti-vo m^^Sas ca-paz en-car-ga-do de
 []

<imagenes/zigbee.png, id=690, 999.735pt x 1027.84pt>
File: imagenes/zigbee.png Graphic file (type png)
<use imagenes/zigbee.png>
Package pdftex.def Info: imagenes/zigbee.png  used on input line 291.
(pdftex.def)             Requested size: 175.49881pt x 180.42361pt.
LaTeX Info: Redefining \. on input line 300.
LaTeX Info: Redefining \% on input line 300.
[14 <./imagenes/zigbee.png>]
LaTeX Info: Redefining \. on input line 302.
LaTeX Info: Redefining \% on input line 302.
 [15]) (./capitulos/03_Implementacion_Sensor.tex [16

]
Cap\'{\i }tulo 3.

Underfull \hbox (badness 10000) in paragraph at lines 5--6

 []


Underfull \hbox (badness 10000) in paragraph at lines 7--8

 []


Underfull \hbox (badness 10000) in paragraph at lines 10--11

 []

pdfTeX warning (ext4): destination with the same identifier (name{page.1}) has been already used, duplicate ignored
<to be read again> 
                   \relax 
l.11 
      [1

]
<imagenes/voltage_divider.png, id=712, 1204.5pt x 1547.7825pt>
File: imagenes/voltage_divider.png Graphic file (type png)
<use imagenes/voltage_divider.png>
Package pdftex.def Info: imagenes/voltage_divider.png  used on input line 14.
(pdftex.def)             Requested size: 77.99881pt x 100.2079pt.

Underfull \hbox (badness 10000) in paragraph at lines 18--19

 []


Underfull \hbox (badness 10000) in paragraph at lines 20--21

 []


Underfull \hbox (badness 10000) in paragraph at lines 22--23

 []

<imagenes/setup_experimental.png, id=714, 816.04875pt x 379.4175pt>
File: imagenes/setup_experimental.png Graphic file (type png)
<use imagenes/setup_experimental.png>
Package pdftex.def Info: imagenes/setup_experimental.png  used on input line 26.
(pdftex.def)             Requested size: 292.5pt x 135.99388pt.

LaTeX Warning: `!h' float specifier changed to `!ht'.

LaTeX Info: Redefining \. on input line 33.
LaTeX Info: Redefining \% on input line 33.
pdfTeX warning (ext4): destination with the same identifier (name{page.2}) has been already used, duplicate ignored
<to be read again> 
                   \relax 
l.33 	\item U
             na vez con la herramienta instalada, lo primero es borrar compl... [2 <./imagenes/voltage_divider.png>]
Underfull \hbox (badness 3668) in paragraph at lines 33--34
[]\OT1/cmr/m/n/12 Una vez con la he-rra-mien-ta ins-ta-la-da, lo pri-me-ro es bo-rrar
 []

(/usr/share/texlive/texmf-dist/tex/latex/listings/lstlang1.sty
File: lstlang1.sty 2020/03/24 1.8d listings language file
) (/usr/share/texlive/texmf-dist/tex/latex/listings/lstlang1.sty
File: lstlang1.sty 2020/03/24 1.8d listings language file
)
LaTeX Font Info:    Trying to load font information for TS1+cmtt on input line 48.
 (/usr/share/texlive/texmf-dist/tex/latex/base/ts1cmtt.fd
File: ts1cmtt.fd 2019/12/16 v2.5j Standard LaTeX font definitions
)
<imagenes/micropython_prompt.png, id=723, 735.74875pt x 479.7925pt>
File: imagenes/micropython_prompt.png Graphic file (type png)
<use imagenes/micropython_prompt.png>
Package pdftex.def Info: imagenes/micropython_prompt.png  used on input line 52.
(pdftex.def)             Requested size: 292.5pt x 190.74954pt.


LaTeX Warning: `!h' float specifier changed to `!ht'.


Underfull \hbox (badness 10000) in paragraph at lines 57--59

 []

LaTeX Info: Redefining \. on input line 59.
LaTeX Info: Redefining \% on input line 59.
pdfTeX warning (ext4): destination with the same identifier (name{page.3}) has been already used, duplicate ignored
<to be read again> 
                   \relax 
l.59 
      [3 <./imagenes/setup_experimental.png>]
<imagenes/ampy.png, id=738, 714.67pt x 563.10374pt>
File: imagenes/ampy.png Graphic file (type png)
<use imagenes/ampy.png>
Package pdftex.def Info: imagenes/ampy.png  used on input line 64.
(pdftex.def)             Requested size: 292.5pt x 230.47018pt.


LaTeX Warning: `!h' float specifier changed to `!ht'.


Underfull \hbox (badness 10000) in paragraph at lines 69--70

 []

LaTeX Info: Redefining \. on input line 70.
LaTeX Info: Redefining \% on input line 70.
pdfTeX warning (ext4): destination with the same identifier (name{page.4}) has been already used, duplicate ignored
<to be read again> 
                   \relax 
l.70 \subsubsection
                   {Librería para MQTT} [4 <./imagenes/micropython_prompt.png>]
Underfull \hbox (badness 10000) in paragraph at lines 71--72

 []

LaTeX Info: Redefining \. on input line 72.
LaTeX Info: Redefining \% on input line 72.
pdfTeX warning (ext4): destination with the same identifier (name{page.5}) has been already used, duplicate ignored
<to be read again> 
                   \relax 
l.72 \newpage
              [5 <./imagenes/ampy.png>]
<imagenes/ruido_wifi_off_mV.png, id=754, 711.65875pt x 547.04375pt>
File: imagenes/ruido_wifi_off_mV.png Graphic file (type png)
<use imagenes/ruido_wifi_off_mV.png>
Package pdftex.def Info: imagenes/ruido_wifi_off_mV.png  used on input line 78.
(pdftex.def)             Requested size: 234.00238pt x 179.8739pt.
<imagenes/ruido_wifi_on_mV.png, id=755, 711.65875pt x 547.04375pt>
File: imagenes/ruido_wifi_on_mV.png Graphic file (type png)
<use imagenes/ruido_wifi_on_mV.png>
Package pdftex.def Info: imagenes/ruido_wifi_on_mV.png  used on input line 84.
(pdftex.def)             Requested size: 234.00238pt x 179.8739pt.
LaTeX Info: Redefining \. on input line 87.
LaTeX Info: Redefining \% on input line 87.
pdfTeX warning (ext4): destination with the same identifier (name{page.6}) has been already used, duplicate ignored
<to be read again> 
                   \relax 
l.87 \newpage
              [6 <./imagenes/ruido_wifi_off_mV.png> <./imagenes/ruido_wifi_on_mV.png>]
<imagenes/Init.drawio.png, id=761, 282.05376pt x 684.5575pt>
File: imagenes/Init.drawio.png Graphic file (type png)
<use imagenes/Init.drawio.png>
Package pdftex.def Info: imagenes/Init.drawio.png  used on input line 102.
(pdftex.def)             Requested size: 117.00119pt x 283.97116pt.

Underfull \hbox (badness 1062) in paragraph at lines 99--105
\OT1/cmr/m/n/12 pre-via-men-te co-ne-xi^^Son con la apli-ca-ci^^Son web, em-pe-za-re-mos a pu-bli-car
 []


LaTeX Warning: `!h' float specifier changed to `!ht'.


Underfull \hbox (badness 10000) in paragraph at lines 106--107

 []

LaTeX Info: Redefining \. on input line 107.
LaTeX Info: Redefining \% on input line 107.
pdfTeX warning (ext4): destination with the same identifier (name{page.7}) has been already used, duplicate ignored
<to be read again> 
                   \relax 
l.107 
       [7]
<imagenes/main.drawio.png, id=772, 169.63374pt x 462.72874pt>
File: imagenes/main.drawio.png Graphic file (type png)
<use imagenes/main.drawio.png>
Package pdftex.def Info: imagenes/main.drawio.png  used on input line 111.
(pdftex.def)             Requested size: 117.00119pt x 319.15608pt.


LaTeX Warning: `!h' float specifier changed to `!ht'.

LaTeX Info: Redefining \. on input line 114.
LaTeX Info: Redefining \% on input line 114.
pdfTeX warning (ext4): destination with the same identifier (name{page.8}) has been already used, duplicate ignored
<to be read again> 
                   \relax 
l.114 \newpage
               [8 <./imagenes/Init.drawio.png>]
<imagenes/acs712.drawio.png, id=777, 159.59625pt x 593.21625pt>
File: imagenes/acs712.drawio.png Graphic file (type png)
<use imagenes/acs712.drawio.png>
Package pdftex.def Info: imagenes/acs712.drawio.png  used on input line 118.
(pdftex.def)             Requested size: 117.00119pt x 434.89081pt.


LaTeX Warning: `!h' float specifier changed to `!ht'.

LaTeX Info: Redefining \. on input line 121.
LaTeX Info: Redefining \% on input line 121.
pdfTeX warning (ext4): destination with the same identifier (name{page.9}) has been already used, duplicate ignored
<to be read again> 
                   \relax 
l.121 \newpage
               [9 <./imagenes/main.drawio.png>]
Underfull \vbox (badness 1231) has occurred while \output is active []

LaTeX Info: Redefining \. on input line 130.
LaTeX Info: Redefining \% on input line 130.
pdfTeX warning (ext4): destination with the same identifier (name{page.10}) has been already used, duplicate ignored
<to be read again> 
                   \relax 
l.130 MQTT_CLIENT.
                  mqtt.set_callback(subscribe_callback) [10 <./imagenes/acs712.drawio.png>]
Overfull \hbox (12.90892pt too wide) in paragraph at lines 142--143
[][][][][][][][][][][][][][][][][][][][][][][][][][][][][][][][][][][][][][][][][][][][][][][][][][]  
 []

LaTeX Info: Redefining \. on input line 188.
LaTeX Info: Redefining \% on input line 188.
pdfTeX warning (ext4): destination with the same identifier (name{page.11}) has been already used, duplicate ignored
<to be read again> 
                   \relax 
l.188 		for 
            i in range(100): [11]
Underfull \vbox (badness 2635) has occurred while \output is active []

LaTeX Info: Redefining \. on input line 244.
LaTeX Info: Redefining \% on input line 244.
pdfTeX warning (ext4): destination with the same identifier (name{page.12}) has been already used, duplicate ignored
<to be read again> 
                   \relax 
l.244 \begin{lstlisting}[language=python]
                                          [12]
Overfull \hbox (2.7087pt too wide) in paragraph at lines 273--274
[][][][][][][][][][][][][][][][][][][][][][][][][][][][][][][][][][][][][][][][][][][][][][][]  
 []


Overfull \hbox (2.7087pt too wide) in paragraph at lines 275--277
[][][][][][][][][][][][][][][][][][][][][][][][][][][][][][][][][][][][][][][][][][][][][][][][][][][][][][][][][]  
 []


Underfull \vbox (badness 10000) has occurred while \output is active []

LaTeX Info: Redefining \. on input line 304.
LaTeX Info: Redefining \% on input line 304.
pdfTeX warning (ext4): destination with the same identifier (name{page.13}) has been already used, duplicate ignored
<to be read again> 
                   \relax 
l.304 	voltage_RMS 
                   = voltage_RMS / len(samplesVPP) [13]
Overfull \hbox (18.00903pt too wide) in paragraph at lines 310--311
[][][][][][][][][][][][][][][][][][][][][][][][][][][][][][][][][][][][][][][][][][][][][][][][][][][][][][][][][][][]  
 []


Overfull \hbox (2.7087pt too wide) in paragraph at lines 312--313
[][][][][][][][][][][][][][][][][][][][][][][][][][][][][][][][][][][][][][][][][][][][][]  
 []


Overfull \hbox (23.10915pt too wide) in paragraph at lines 315--316
[][][][][][][][][][][][][][][][][][][][][][][][][][][][][][][][][][][][][][][][][][][][][][][]  
 []


Underfull \hbox (badness 10000) in paragraph at lines 357--358

 []


Underfull \hbox (badness 10000) in paragraph at lines 362--363

 []


Underfull \vbox (badness 10000) has occurred while \output is active []

LaTeX Info: Redefining \. on input line 363.
LaTeX Info: Redefining \% on input line 363.
pdfTeX warning (ext4): destination with the same identifier (name{page.14}) has been already used, duplicate ignored
<to be read again> 
                   \relax 
l.363 
       [14]
Underfull \hbox (badness 10000) in paragraph at lines 365--366

 []


Underfull \hbox (badness 10000) in paragraph at lines 367--368

 []


Underfull \hbox (badness 10000) in paragraph at lines 373--374

 []

LaTeX Info: Redefining \. on input line 378.
LaTeX Info: Redefining \% on input line 378.
pdfTeX warning (ext4): destination with the same identifier (name{page.15}) has been already used, duplicate ignored
<to be read again> 
                   \relax 
l.378 	\item y
              2 es el valor del voltaje aplicado [15]
<imagenes/setup_experimental2.png, id=1033, 925.4575pt x 379.4175pt>
File: imagenes/setup_experimental2.png Graphic file (type png)
<use imagenes/setup_experimental2.png>
Package pdftex.def Info: imagenes/setup_experimental2.png  used on input line 383.
(pdftex.def)             Requested size: 390.0pt x 159.89267pt.

Underfull \hbox (badness 10000) in paragraph at lines 388--389

 []


Underfull \hbox (badness 10000) in paragraph at lines 390--391

 []

LaTeX Info: Redefining \. on input line 391.
LaTeX Info: Redefining \% on input line 391.
pdfTeX warning (ext4): destination with the same identifier (name{page.16}) has been already used, duplicate ignored
<to be read again> 
                   \relax 
l.391 \newpage
               [16 <./imagenes/setup_experimental2.png>]
<imagenes/sensor_sin_calibrar.png, id=1038, 1923.185pt x 1083.04625pt>
File: imagenes/sensor_sin_calibrar.png Graphic file (type png)
<use imagenes/sensor_sin_calibrar.png>
Package pdftex.def Info: imagenes/sensor_sin_calibrar.png  used on input line 394.
(pdftex.def)             Requested size: 292.5pt x 164.71397pt.
<imagenes/sensor_calibrado.png, id=1039, 1914.15125pt x 1084.05pt>
File: imagenes/sensor_calibrado.png Graphic file (type png)
<use imagenes/sensor_calibrado.png>
Package pdftex.def Info: imagenes/sensor_calibrado.png  used on input line 401.
(pdftex.def)             Requested size: 292.5pt x 165.64407pt.

Underfull \hbox (badness 10000) in paragraph at lines 398--407

 []

LaTeX Info: Redefining \. on input line 407.
LaTeX Info: Redefining \% on input line 407.
[17 <./imagenes/sensor_sin_calibrar.png> <./imagenes/sensor_calibrado.png>]
Underfull \vbox (badness 10000) has occurred while \output is active []

LaTeX Info: Redefining \. on input line 471.
LaTeX Info: Redefining \% on input line 471.
 [18]
Overfull \hbox (7.8088pt too wide) in paragraph at lines 489--491
[][][][][][][][][][][][][][][][][][][][][][][][][][][][][][][][][][][][][][][][][][][][][][][][][][][][][][][][][][][][][][][][][][][][][][][]  
 []


Overfull \hbox (7.8088pt too wide) in paragraph at lines 502--503
[][][][][][][][][][][][][][][][][][][][][][][][][][][][][][][][][][][][][][][][][][][][][][][][][][][]  
 []


Underfull \vbox (badness 10000) has occurred while \output is active []

LaTeX Info: Redefining \. on input line 531.
LaTeX Info: Redefining \% on input line 531.
 [19]
Underfull \hbox (badness 2846) in paragraph at lines 539--540
[]\OT1/cmr/m/n/12 Para pro-bar di-fe-ren-te am-pe-ra-jes se ha uti-li-za-do una fuen-te de
 []


Underfull \hbox (badness 10000) in paragraph at lines 539--540

 []

<imagenes/DC_noload.jpg, id=1177, 4015.0pt x 3011.25pt>
File: imagenes/DC_noload.jpg Graphic file (type jpg)
<use imagenes/DC_noload.jpg>
Package pdftex.def Info: imagenes/DC_noload.jpg  used on input line 543.
(pdftex.def)             Requested size: 390.0pt x 292.45848pt.

Underfull \hbox (badness 10000) in paragraph at lines 546--547

 []

LaTeX Info: Redefining \. on input line 547.
LaTeX Info: Redefining \% on input line 547.
[20 <./imagenes/DC_noload.jpg>]
<imagenes/DC_1Amp.jpg, id=1189, 4015.0pt x 3011.25pt>
File: imagenes/DC_1Amp.jpg Graphic file (type jpg)
<use imagenes/DC_1Amp.jpg>
Package pdftex.def Info: imagenes/DC_1Amp.jpg  used on input line 550.
(pdftex.def)             Requested size: 390.0pt x 292.45848pt.

Underfull \hbox (badness 10000) in paragraph at lines 553--554

 []

<imagenes/DC_1_7Amp.jpg, id=1190, 4015.0pt x 3011.25pt>
File: imagenes/DC_1_7Amp.jpg Graphic file (type jpg)
<use imagenes/DC_1_7Amp.jpg>
Package pdftex.def Info: imagenes/DC_1_7Amp.jpg  used on input line 557.
(pdftex.def)             Requested size: 390.0pt x 292.45848pt.

LaTeX Warning: `!h' float specifier changed to `!ht'.


Underfull \hbox (badness 10000) in paragraph at lines 560--561

 []

<imagenes/DC_3Amps.jpg, id=1191, 4015.0pt x 3011.25pt>
File: imagenes/DC_3Amps.jpg Graphic file (type jpg)
<use imagenes/DC_3Amps.jpg>
Package pdftex.def Info: imagenes/DC_3Amps.jpg  used on input line 564.
(pdftex.def)             Requested size: 390.0pt x 292.45848pt.
LaTeX Info: Redefining \. on input line 566.
LaTeX Info: Redefining \% on input line 566.
[21 <./imagenes/DC_1Amp.jpg>]

LaTeX Warning: `!h' float specifier changed to `!ht'.


Underfull \hbox (badness 10000) in paragraph at lines 567--568

 []

LaTeX Info: Redefining \. on input line 568.
LaTeX Info: Redefining \% on input line 568.
[22 <./imagenes/DC_1_7Amp.jpg>]
Underfull \hbox (badness 10000) in paragraph at lines 570--571

 []

<imagenes/AC_noload.jpg, id=1203, 4015.0pt x 3011.25pt>
File: imagenes/AC_noload.jpg Graphic file (type jpg)
<use imagenes/AC_noload.jpg>
Package pdftex.def Info: imagenes/AC_noload.jpg  used on input line 575.
(pdftex.def)             Requested size: 390.0pt x 292.45848pt.

LaTeX Warning: `!h' float specifier changed to `!ht'.

<imagenes/AC_O_7Amps.jpg, id=1204, 4015.0pt x 3011.25pt>
File: imagenes/AC_O_7Amps.jpg Graphic file (type jpg)
<use imagenes/AC_O_7Amps.jpg>
Package pdftex.def Info: imagenes/AC_O_7Amps.jpg  used on input line 584.
(pdftex.def)             Requested size: 390.0pt x 292.45848pt.

Underfull \vbox (badness 10000) has occurred while \output is active []

LaTeX Info: Redefining \. on input line 587.
LaTeX Info: Redefining \% on input line 587.
 [23 <./imagenes/DC_3Amps.jpg>]

LaTeX Warning: `!h' float specifier changed to `!ht'.

LaTeX Info: Redefining \. on input line 587.
LaTeX Info: Redefining \% on input line 587.
[24 <./imagenes/AC_noload.jpg>]
Underfull \hbox (badness 10000) in paragraph at lines 588--589

 []

<imagenes/AC_2_8Amps.jpg, id=1215, 4015.0pt x 3011.25pt>
File: imagenes/AC_2_8Amps.jpg Graphic file (type jpg)
<use imagenes/AC_2_8Amps.jpg>
Package pdftex.def Info: imagenes/AC_2_8Amps.jpg  used on input line 593.
(pdftex.def)             Requested size: 390.0pt x 292.45848pt.

LaTeX Warning: `!h' float specifier changed to `!ht'.

LaTeX Info: Redefining \. on input line 596.
LaTeX Info: Redefining \% on input line 596.
[25 <./imagenes/AC_O_7Amps.jpg>]
Underfull \hbox (badness 10000) in paragraph at lines 597--599

 []

<imagenes/AC_4_9Amps.jpg, id=1222, 4015.0pt x 3011.25pt>
File: imagenes/AC_4_9Amps.jpg Graphic file (type jpg)
<use imagenes/AC_4_9Amps.jpg>
Package pdftex.def Info: imagenes/AC_4_9Amps.jpg  used on input line 603.
(pdftex.def)             Requested size: 390.0pt x 292.45848pt.

Underfull \hbox (badness 10000) in paragraph at lines 600--607

 []


LaTeX Warning: `!h' float specifier changed to `!ht'.

LaTeX Info: Redefining \. on input line 607.
LaTeX Info: Redefining \% on input line 607.
[26 <./imagenes/AC_2_8Amps.jpg>]) (./capitulos/04_Despliegue_Broker_MQTT.tex [27 <./imagenes/AC_4_9Amps.jpg>]
LaTeX Info: Redefining \. on input line 1.
LaTeX Info: Redefining \% on input line 1.
 [28

]
Cap\'{\i }tulo 4.

Underfull \hbox (badness 10000) in paragraph at lines 7--8

 []


Underfull \hbox (badness 10000) in paragraph at lines 9--10

 []

<imagenes/etcher.png, id=1238, 771.88374pt x 428.60126pt>
File: imagenes/etcher.png Graphic file (type png)
<use imagenes/etcher.png>
Package pdftex.def Info: imagenes/etcher.png  used on input line 14.
(pdftex.def)             Requested size: 292.5pt x 162.41237pt.

LaTeX Warning: `!h' float specifier changed to `!ht'.


Underfull \hbox (badness 10000) in paragraph at lines 18--19

 []


Underfull \hbox (badness 10000) in paragraph at lines 21--22

 []


Underfull \vbox (badness 10000) has occurred while \output is active []

pdfTeX warning (ext4): destination with the same identifier (name{page.1}) has been already used, duplicate ignored
<to be read again> 
                   \relax 
l.22 
      [1

]
Underfull \hbox (badness 10000) in paragraph at lines 23--24

 []


Underfull \hbox (badness 10000) in paragraph at lines 29--30

 []


Underfull \hbox (badness 1184) in paragraph at lines 36--37
[]\OT1/cmr/m/n/12 Para pro-bar que Mos-quit-to fun-cio-na co-rrec-ta-men-te, po-de-mos usar
 []


Underfull \hbox (badness 10000) in paragraph at lines 36--37

 []

LaTeX Info: Redefining \. on input line 37.
LaTeX Info: Redefining \% on input line 37.
pdfTeX warning (ext4): destination with the same identifier (name{page.2}) has been already used, duplicate ignored
<to be read again> 
                   \relax 
l.37 \subsubsection
                   {Suscribirse a un topic} [2 <./imagenes/etcher.png>]
Underfull \hbox (badness 10000) in paragraph at lines 38--39

 []


Underfull \hbox (badness 10000) in paragraph at lines 44--45

 []

<imagenes/mqtt_test.png, id=1255, 2445.135pt x 207.77625pt>
File: imagenes/mqtt_test.png Graphic file (type png)
<use imagenes/mqtt_test.png>
Package pdftex.def Info: imagenes/mqtt_test.png  used on input line 52.
(pdftex.def)             Requested size: 390.0pt x 33.14024pt.
LaTeX Info: Redefining \. on input line 56.
LaTeX Info: Redefining \% on input line 56.
pdfTeX warning (ext4): destination with the same identifier (name{page.3}) has been already used, duplicate ignored
<to be read again> 
                   \relax 
l.56 \end{titlepage}
                     [3 <./imagenes/mqtt_test.png>]) (./capitulos/05_Implementacion_AppWeb.texpdfTeX warning (ext4): destination with the same identifier (name{page.4}) has been already used, duplicate ignored
<to be read again> 
                   \relax 
l.1 \begin{titlepage}
                      [4

]
Cap\'{\i }tulo 5.
pdfTeX warning (ext4): destination with the same identifier (name{page.1}) has been already used, duplicate ignored
<to be read again> 
                   \relax 
l.13 	app.
          config['TEMPLATES_AUTO_RELOAD'] = True [1

]
Underfull \hbox (badness 10000) in paragraph at lines 26--27

 []


Overfull \hbox (28.20926pt too wide) in paragraph at lines 45--46
[][][][][][][][][][][][][][][][][][][][][][][][][][][][][][][][][][][][][][][][][][][][][][][][][][][][][][][][][][][][][][][][][][][][][][][][][][][][][]  
 []


Underfull \hbox (badness 10000) in paragraph at lines 60--61

 []


Underfull \vbox (badness 10000) has occurred while \output is active []

LaTeX Info: Redefining \. on input line 61.
LaTeX Info: Redefining \% on input line 61.
pdfTeX warning (ext4): destination with the same identifier (name{page.2}) has been already used, duplicate ignored
<to be read again> 
                   \relax 
l.61 
      [2]
Underfull \hbox (badness 10000) in paragraph at lines 107--108

 []

LaTeX Info: Redefining \. on input line 108.
LaTeX Info: Redefining \% on input line 108.
pdfTeX warning (ext4): destination with the same identifier (name{page.3}) has been already used, duplicate ignored
<to be read again> 
                   \relax 
l.108 \begin{lstlisting}[language=python]
                                          [3]
Underfull \hbox (badness 10000) in paragraph at lines 130--131

 []

LaTeX Info: Redefining \. on input line 158.
LaTeX Info: Redefining \% on input line 158.
pdfTeX warning (ext4): destination with the same identifier (name{page.4}) has been already used, duplicate ignored
<to be read again> 
                   \relax 
l.158 	mqtt.
            publish('restart/' + str, "restart", 0) [4]
Overfull \hbox (7.8088pt too wide) in paragraph at lines 182--184
[][][][][][][][][][][][][][][][][][][][][]  
 []


Underfull \hbox (badness 10000) in paragraph at lines 199--200

 []

LaTeX Info: Redefining \. on input line 211.
LaTeX Info: Redefining \% on input line 211.
pdfTeX warning (ext4): destination with the same identifier (name{page.5}) has been already used, duplicate ignored
<to be read again> 
                   \relax 
l.211 @mqtt.
            on_connect() [5]
Overfull \hbox (12.90892pt too wide) in paragraph at lines 241--242
[][][][][][][][][][][][][][][][][][][][][][][][][][][][][][][][][][][][][][][][][][][][][][][][][]  
 []

LaTeX Info: Redefining \. on input line 264.
LaTeX Info: Redefining \% on input line 264.
pdfTeX warning (ext4): destination with the same identifier (name{page.6}) has been already used, duplicate ignored
<to be read again> 
                   \relax 
l.264     def 
              load_max_data(self): [6]
Overfull \hbox (48.60971pt too wide) in paragraph at lines 291--292
[][][][][][][][][][][][][][][][][][][][][][][][][][][][][][][][][][][][][][][][][][][][][][][][][][][][][][][][][]  
 []

LaTeX Info: Redefining \. on input line 295.
LaTeX Info: Redefining \% on input line 295.
pdfTeX warning (ext4): destination with the same identifier (name{page.7}) has been already used, duplicate ignored
<to be read again> 
                   \relax 
l.295 \newpage
               [7]
Underfull \hbox (badness 10000) in paragraph at lines 299--300

 []

<imagenes/index.png, id=1557, 1370.11874pt x 672.5125pt>
File: imagenes/index.png Graphic file (type png)
<use imagenes/index.png>
Package pdftex.def Info: imagenes/index.png  used on input line 303.
(pdftex.def)             Requested size: 390.0pt x 191.42177pt.
LaTeX Info: Redefining \. on input line 313.
LaTeX Info: Redefining \% on input line 313.
pdfTeX warning (ext4): destination with the same identifier (name{page.8}) has been already used, duplicate ignored
<to be read again> 
                   \relax 
l.313 	\item U
              na vez le demos al botón de Añadir, el servidor enviará la ... [8 <./imagenes/index.png>]
Underfull \hbox (badness 1603) in paragraph at lines 313--314
[]\OT1/cmr/m/n/12 Una vez le de-mos al bot^^Son de A~nadir, el ser-vi-dor en-viar^^Sa la
 []

<imagenes/web_addsensor.png, id=1564, 954.56625pt x 483.8075pt>
File: imagenes/web_addsensor.png Graphic file (type png)
<use imagenes/web_addsensor.png>
Package pdftex.def Info: imagenes/web_addsensor.png  used on input line 317.
(pdftex.def)             Requested size: 390.0pt x 197.66104pt.
<imagenes/web_listsensors.png, id=1565, 954.56625pt x 483.8075pt>
File: imagenes/web_listsensors.png Graphic file (type png)
<use imagenes/web_listsensors.png>
Package pdftex.def Info: imagenes/web_listsensors.png  used on input line 324.
(pdftex.def)             Requested size: 292.5pt x 148.24393pt.
LaTeX Info: Redefining \. on input line 327.
LaTeX Info: Redefining \% on input line 327.
pdfTeX warning (ext4): destination with the same identifier (name{page.9}) has been already used, duplicate ignored
<to be read again> 
                   \relax 
l.327 \newpage
               [9 <./imagenes/web_addsensor.png> <./imagenes/web_listsensors.png>]
<imagenes/web_datos.png, id=1572, 1409.265pt x 716.6775pt>
File: imagenes/web_datos.png Graphic file (type png)
<use imagenes/web_datos.png>
Package pdftex.def Info: imagenes/web_datos.png  used on input line 333.
(pdftex.def)             Requested size: 390.0pt x 198.32811pt.
LaTeX Info: Redefining \. on input line 340.
LaTeX Info: Redefining \% on input line 340.
pdfTeX warning (ext4): destination with the same identifier (name{page.10}) has been already used, duplicate ignored
<to be read again> 
                   \relax 
l.340 \end{titlepage}
                      [10 <./imagenes/web_datos.png>]) (./capitulos/06_Conclusiones.tex
Cap\'{\i }tulo 6.

Underfull \hbox (badness 10000) in paragraph at lines 3--4

 []

pdfTeX warning (ext4): destination with the same identifier (name{page.1}) has been already used, duplicate ignored
<to be read again> 
                   \relax 
l.20         \item P
                    rograma que muestre a un LCD o por consola el consumo ca... [1


]
Underfull \hbox (badness 1383) in paragraph at lines 46--47
[]\OT1/cmr/m/n/12 En es-te pro-yec-to, he-mos po-di-do com-pro-bar que ha-cien-do uso de
 []


Underfull \hbox (badness 10000) in paragraph at lines 46--47

 []

LaTeX Info: Redefining \. on input line 47.
LaTeX Info: Redefining \% on input line 47.
pdfTeX warning (ext4): destination with the same identifier (name{page.2}) has been already used, duplicate ignored
<to be read again> 
                   \relax 
l.47 
      [2]
Underfull \hbox (badness 10000) in paragraph at lines 48--49

 []


Underfull \hbox (badness 10000) in paragraph at lines 50--51

 []


Underfull \hbox (badness 10000) in paragraph at lines 52--53

 []


Underfull \hbox (badness 10000) in paragraph at lines 58--59

 []


Underfull \vbox (badness 10000) has occurred while \output is active []

LaTeX Info: Redefining \. on input line 59.
LaTeX Info: Redefining \% on input line 59.
pdfTeX warning (ext4): destination with the same identifier (name{page.3}) has been already used, duplicate ignored
<to be read again> 
                   \relax 
l.59 
      [3]
Underfull \hbox (badness 10000) in paragraph at lines 60--61

 []


Underfull \hbox (badness 10000) in paragraph at lines 62--63

 []


Underfull \hbox (badness 10000) in paragraph at lines 64--65

 []


Underfull \hbox (badness 10000) in paragraph at lines 66--67

 []

LaTeX Info: Redefining \. on input line 68.
LaTeX Info: Redefining \% on input line 68.
pdfTeX warning (ext4): destination with the same identifier (name{page.4}) has been already used, duplicate ignored
<to be read again> 
                   \relax 
l.68 \end{titlepage}
                     [4]) (./capitulos/Bibliografia.tex
Underfull \hbox (badness 10000) in paragraph at lines 18--19
[]\OT1/cmr/m/n/12 An Ex-pla-na-tion of RMS Po-wer Mea-su-re-ment []$\OT1/cmtt/m/n/12 https : / / www .
 []


Underfull \hbox (badness 10000) in paragraph at lines 18--19
\OT1/cmtt/m/n/12 electronicdesign . com / power-[]management / article / 21120866 /
 []


Underfull \hbox (badness 10000) in paragraph at lines 21--22
[]\OT1/cmr/m/n/12 INA219 Cu-rrent sen-sor []$\OT1/cmtt/m/n/12 https : / / www . ti . com / lit / ds / symlink /
 []


Underfull \hbox (badness 6995) in paragraph at lines 24--25
[]\OT1/cmr/m/n/12 ZMPT101B Cu-rrent sen-sor []$\OT1/cmtt/m/n/12 https : / / datasheetspdf . com / mobile /
 []


Underfull \hbox (badness 10000) in paragraph at lines 27--28
[]\OT1/cmr/m/n/12 ACS712 Cu-rrent sen-sor []$\OT1/cmtt/m/n/12 https : / / cdn-[]reichelt . de / documents /
 []


Underfull \hbox (badness 10000) in paragraph at lines 36--37
[]\OT1/cmr/m/n/12 Esp8266 []$\OT1/cmtt/m/n/12 https : / / www . espressif . com / sites / default / files /
 []


Underfull \hbox (badness 10000) in paragraph at lines 45--46
[]\OT1/cmr/m/n/12 Ejemplo en mi-cropython []$\OT1/cmtt/m/n/12 https : / / docs . micropython . org / en /
 []

pdfTeX warning (ext4): destination with the same identifier (name{page.5}) has been already used, duplicate ignored
<to be read again> 
                   \relax 
l.50 \bibitem {ref15}
                      [5

]
Underfull \hbox (badness 10000) in paragraph at lines 54--55
[]\OT1/cmr/m/n/12 Insight In-to ESP32 Sleep Mo-des & Their Po-wer
 []


Underfull \hbox (badness 10000) in paragraph at lines 54--55
\OT1/cmr/m/n/12 Con-sum-ption[]$\OT1/cmtt/m/n/12 https : / / lastminuteengineers . com /
 []


Underfull \hbox (badness 10000) in paragraph at lines 57--58
[]\OT1/cmr/m/n/12 Esptool []$\OT1/cmtt/m/n/12 https : / / docs . espressif . com / projects / esptool / en /
 []


Underfull \hbox (badness 10000) in paragraph at lines 66--67
[]\OT1/cmr/m/n/12 Ampy Ada-fruit []$\OT1/cmtt/m/n/12 https : / / learn . adafruit . com /
 []


Underfull \hbox (badness 10000) in paragraph at lines 69--70
[]\OT1/cmr/m/n/12 SSD1306 Mi-cropython dri-ver []$\OT1/cmtt/m/n/12 https : / / github . com / stlehmann /
 []


Underfull \hbox (badness 10000) in paragraph at lines 72--73
[]\OT1/cmr/m/n/12 UMQTT.simple Mi-cropython dri-ver []$\OT1/cmtt/m/n/12 https : / / github . com /
 []


Underfull \hbox (badness 10000) in paragraph at lines 72--73
\OT1/cmtt/m/n/12 micropython / micropython-[]lib / tree / master / micropython / umqtt .
 []


Underfull \hbox (badness 3168) in paragraph at lines 84--85
[]\OT1/cmr/m/n/12 Imagenes de Rasp-bian []$\OT1/cmtt/m/n/12 https : / / www . raspberrypi . com / software /
 []


Underfull \hbox (badness 7631) in paragraph at lines 90--91
[]\OT1/cmr/m/n/12 Listado de bro-ker MQTT []$\OT1/cmtt/m/n/12 https : / / www . engineersgarage . com /
 []


Underfull \hbox (badness 8151) in paragraph at lines 107--108
[]\OT1/cmr/m/n/12 Sensor de co-rrien-te ACS712 []$\OT1/cmtt/m/n/12 https : / / hifisac . com / web / image /
 []


Underfull \hbox (badness 10000) in paragraph at lines 110--111
[]\OT1/cmr/m/n/12 Forma de on-da[]$\OT1/cmtt/m/n/12 https : / / www . electronics-[]tutorials . ws /
 []

LaTeX Info: Redefining \. on input line 111.
LaTeX Info: Redefining \% on input line 111.
pdfTeX warning (ext4): destination with the same identifier (name{page.6}) has been already used, duplicate ignored
<to be read again> 
                   \relax 
l.111 
       [6]
Underfull \hbox (badness 10000) in paragraph at lines 113--114
\OT1/cmtt/m/n/12 2F % 2Fwww . edistribucion . com % 2Fes % 2Fcontador-[]inteligente . html &
 []


Underfull \hbox (badness 10000) in paragraph at lines 113--114
\OT1/cmtt/m/n/12 psig = AOvVaw1P7NHoZnSfYabSYum _ 6eGT & ust = 1669552774663000 &
 []


Underfull \hbox (badness 10000) in paragraph at lines 113--114
\OT1/cmtt/m/n/12 source = images & cd = vfe & ved = 0CBAQjRxqFwoTCNi _ wvLuy _
 []


Underfull \hbox (badness 10000) in paragraph at lines 116--117
[]\OT1/cmr/m/n/12 Ejemplo de fac-tu-ra de la luz []$\OT1/cmtt/m/n/12 https : / / www . google . com /
 []


Underfull \hbox (badness 10000) in paragraph at lines 116--117
\OT1/cmtt/m/n/12 url ? sa = i & url = https % 3A % 2F % 2Fenchufesolar . com % 2Fblog %
 []


Underfull \hbox (badness 10000) in paragraph at lines 116--117
\OT1/cmtt/m/n/12 2Ftu-[]factura-[]de-[]la-[]luz-[]explicada-[]paso-[]a-[]paso % 2F & psig =
 []


Underfull \hbox (badness 10000) in paragraph at lines 116--117
\OT1/cmtt/m/n/12 AOvVaw26bJ-[]O1gl0Srq4XB1XktT3 & ust = 1669552975152000 & source =
 []


Underfull \hbox (badness 10000) in paragraph at lines 119--120
[]\OT1/cmr/m/n/12 Enchufe me-di-dor de con-su-mo elec-tri-co []$\OT1/cmtt/m/n/12 https : / /
 []


Underfull \hbox (badness 10000) in paragraph at lines 119--120
\OT1/cmtt/m/n/12 www . google . com / url ? sa = i & url = https % 3A % 2F % 2Fwww .
 []


Underfull \hbox (badness 10000) in paragraph at lines 119--120
\OT1/cmtt/m/n/12 elconfidencial . com % 2Ftecnologia % 2F2021-[]08-[]19 %
 []


Underfull \hbox (badness 10000) in paragraph at lines 119--120
\OT1/cmtt/m/n/12 2Fmedidores-[]consumo-[]electrico-[]para-[]ahorrar-[]energia _ 3237006 %
 []


Underfull \hbox (badness 10000) in paragraph at lines 119--120
\OT1/cmtt/m/n/12 2F & psig = AOvVaw0NNrUmh-[]RooxXDxCa3Y-[]p5 & ust = 1669553501475000 &
 []


Underfull \hbox (badness 10000) in paragraph at lines 119--120
\OT1/cmtt/m/n/12 source = images & cd = vfe & ved = 0CBAQjRxqFwoTCNCk1uHxy _
 []


Underfull \hbox (badness 10000) in paragraph at lines 122--123
[]\OT1/cmr/m/n/12 Medidor con-su-mo cua-dro elec-tri-co []$\OT1/cmtt/m/n/12 https : / / www . google .
 []


Underfull \hbox (badness 10000) in paragraph at lines 122--123
\OT1/cmtt/m/n/12 com / url ? sa = i & url = https % 3A % 2F % 2Fwww . amazon . de % 2F-[] %
 []


Underfull \hbox (badness 10000) in paragraph at lines 122--123
\OT1/cmtt/m/n/12 2Fen % 2FDigital-[]Electricity-[]Top-[]hat-[]1-[]Phase-[]AC230V %
 []


Underfull \hbox (badness 10000) in paragraph at lines 122--123
\OT1/cmtt/m/n/12 2Fdp % 2FB08T62R7Y5 & psig = AOvVaw0SbT0RjfTplhgZSh5ESXo7 &
 []


Underfull \hbox (badness 10000) in paragraph at lines 122--123
\OT1/cmtt/m/n/12 ust = 1669553760554000 & source = images & cd = vfe & ved =
 []


Underfull \hbox (badness 10000) in paragraph at lines 125--126
[]\OT1/cmr/m/n/12 Monitor de ener-gia in-te-li-gen-te []$\OT1/cmtt/m/n/12 https : / / www . google .
 []


Underfull \hbox (badness 10000) in paragraph at lines 125--126
\OT1/cmtt/m/n/12 com / url ? sa = i & url = https % 3A % 2F % 2Fwww . amazon . com %
 []


Underfull \hbox (badness 10000) in paragraph at lines 125--126
\OT1/cmtt/m/n/12 2F-[] % 2Fes % 2Finteligente-[]electricidad-[]Medici % 25C3 %
 []


Underfull \hbox (badness 10000) in paragraph at lines 125--126
\OT1/cmtt/m/n/12 25B3n-[]Conserva-[]tranquilidad % 2Fdp % 2FB086BNQ1X4 & psig =
 []


Underfull \hbox (badness 10000) in paragraph at lines 125--126
\OT1/cmtt/m/n/12 AOvVaw1hO14UGx5ZKO99RTKsxWgl & ust = 1669554058157000 & source =
 []


Underfull \hbox (badness 10000) in paragraph at lines 128--129
[]\OT1/cmr/m/n/12 Sensor INA219 []$\OT1/cmtt/m/n/12 https : / / cdn-[]reichelt . de / bilder / web / xxl _ ws /
 []


Underfull \hbox (badness 10000) in paragraph at lines 131--132
[]\OT1/cmr/m/n/12 Sensor ZMPT101B []$\OT1/cmtt/m/n/12 https : / / mvelectronica . s3 . us-[]east-[]2 .
 []

LaTeX Info: Redefining \. on input line 132.
LaTeX Info: Redefining \% on input line 132.
pdfTeX warning (ext4): destination with the same identifier (name{page.7}) has been already used, duplicate ignored
<to be read again> 
                   \relax 
l.132 
       [7]
Underfull \hbox (badness 10000) in paragraph at lines 134--135
[]\OT1/cmr/m/n/12 Arduino []$\OT1/cmtt/m/n/12 https : / / components101 . com / sites / default / files /
 []


Underfull \hbox (badness 10000) in paragraph at lines 137--138
[]\OT1/cmr/m/n/12 Raspberry Pi []$\OT1/cmtt/m/n/12 https : / / learn . microsoft . com / en-[]us / windows /
 []


Underfull \hbox (badness 10000) in paragraph at lines 140--141
[]\OT1/cmr/m/n/12 Esp8266 []$\OT1/cmtt/m/n/12 https : / / components101 . com / sites / default / files /
 []


Underfull \hbox (badness 10000) in paragraph at lines 143--144
[]\OT1/cmr/m/n/12 Esp32 []$\OT1/cmtt/m/n/12 https : / / raw . githubusercontent . com / AchimPieters /
 []


Underfull \hbox (badness 10000) in paragraph at lines 143--144
\OT1/cmtt/m/n/12 esp32-[]homekit-[]camera / master / Images / ESP32-[]38 % 20PIN-[]DEVBOARD .
 []


Underfull \hbox (badness 10000) in paragraph at lines 146--147
[]\OT1/cmr/m/n/12 Ejeplo MQTT []$\OT1/cmtt/m/n/12 https : / / mqtt . org / assets / img /
 []


Underfull \hbox (badness 1394) in paragraph at lines 149--150
[]\OT1/cmr/m/n/12 Ejemplo Zig-bee []$\OT1/cmtt/m/n/12 https : / / csa-[]iot . org / wp-[]content / uploads / 2021 /
 []


Underfull \hbox (badness 10000) in paragraph at lines 152--153
[]\OT1/cmr/m/n/12 Divisor de ten-sion []$\OT1/cmtt/m/n/12 https : / / upload . wikimedia . org / wikipedia /
 []


Underfull \hbox (badness 10000) in paragraph at lines 152--153
\OT1/cmtt/m/n/12 commons / thumb / 3 / 31 / Impedance _ voltage _ divider . svg /
 []


Underfull \hbox (badness 10000) in paragraph at lines 157--158
[]\OT1/cmr/m/n/12 Sensor zmpt101b []$\OT1/cmtt/m/n/12 https : / / m . media-[]amazon . com / images / I /
 []

) (./capitulos/apendice.tex
LaTeX Info: Redefining \. on input line 1.
LaTeX Info: Redefining \% on input line 1.
pdfTeX warning (ext4): destination with the same identifier (name{page.8}) has been already used, duplicate ignored
<to be read again> 
                   \relax 
l.1 \begin{titlepage}
                      [8pdfTeX warning (ext4): destination with the same identifier (name{cite.zmpt101b_img}) has been already used, duplicate ignored
<argument> ...shipout:D \box_use:N \l_shipout_box 
                                                  \__shipout_drop_firstpage_...
l.1 \begin{titlepage}
                     ]
Ap\'{e}ndice A.

Underfull \hbox (badness 10000) in paragraph at lines 3--4

 []


Underfull \hbox (badness 10000) in paragraph at lines 5--6

 []


Underfull \hbox (badness 10000) in paragraph at lines 7--8

 []


Underfull \hbox (badness 10000) in paragraph at lines 9--10

 []


Underfull \hbox (badness 1292) in paragraph at lines 11--12
[]\OT1/cmr/m/n/12 4. Si con-si-de-ra-se-mos es-te pro-yec-to pa-ra su rea-li-za-ci^^Son co-mo al-go
 []


Underfull \hbox (badness 2865) in paragraph at lines 11--12
\OT1/cmr/m/n/12 pro-fe-sio-nal, de-be-ria-mos en-ton-ces con-si-de-rar al-gu-nos cos-tes in-di-rec-tos
 []


Underfull \hbox (badness 10000) in paragraph at lines 11--12

 []


Underfull \hbox (badness 10000) in paragraph at lines 13--14

 []


Underfull \vbox (badness 10000) has occurred while \output is active []

pdfTeX warning (ext4): destination with the same identifier (name{page.1}) has been already used, duplicate ignored
<to be read again> 
                   \relax 
l.14 
      [1


]
Underfull \hbox (badness 2173) in paragraph at lines 47--48
[]\OT1/cmr/m/n/12 6. Pa-ra los com-po-nen-tes elec-tro-ni-cos, con-si-de-ra-mos su pre-cio de
 []


Underfull \hbox (badness 10000) in paragraph at lines 47--48

 []

pdfTeX warning (ext4): destination with the same identifier (name{page.2}) has been already used, duplicate ignored
<to be read again> 
                   \relax 
l.57 \end{itemize}
                   [2]
Underfull \hbox (badness 10000) in paragraph at lines 84--85

 []


Underfull \hbox (badness 10000) in paragraph at lines 86--87

 []

LaTeX Info: Redefining \. on input line 99.
LaTeX Info: Redefining \% on input line 99.
pdfTeX warning (ext4): destination with the same identifier (name{page.3}) has been already used, duplicate ignored
<to be read again> 
                   \relax 
l.99 \end{titlepage}
                     [3])pdfTeX warning (ext4): destination with the same identifier (name{page.4}) has been already used, duplicate ignored
<to be read again> 
                   \relax 
l.236 \chapter
              *{} [4

]pdfTeX warning (ext4): destination with the same identifier (name{page.5}) has been already used, duplicate ignored
<to be read again> 
                   \relax 
l.239 \end{document}
                     [5] (./proyecto.aux
LaTeX Info: Redefining \. on input line 25.
LaTeX Info: Redefining \% on input line 25.
)

LaTeX Font Warning: Some font shapes were not available, defaults substituted.


LaTeX Warning: There were multiply-defined labels.

Package rerunfilecheck Info: File `proyecto.out' has not changed.
(rerunfilecheck)             Checksum: B8D77ED853ECFC852640C012347D21A4;9662.
 ) 
Here is how much of TeX's memory you used:
 26226 strings out of 478287
 472485 string characters out of 5849288
 1326401 words of memory out of 5000000
 43017 multiletter control sequences out of 15000+600000
 477029 words of font info for 56 fonts, out of 8000000 for 9000
 1141 hyphenation exceptions out of 8191
 100i,13n,104p,1105b,2183s stack positions out of 5000i,500n,10000p,200000b,80000s
{/usr/share/texmf/fonts/enc/dvips/cm-super/cm-super-ts1.enc}</usr/share/texlive/texmf-dist/fonts/type1/public/amsfonts/cm/cmbx12.pfb></usr/share/texlive/texmf-dist/fonts/type1/public/amsfonts/cm/cmbx8.pfb></usr/share/texlive/texmf-dist/fonts/type1/public/amsfonts/cm/cmcsc10.pfb></usr/share/texlive/texmf-dist/fonts/type1/public/amsfonts/cm/cmmi12.pfb></usr/share/texlive/texmf-dist/fonts/type1/public/amsfonts/cm/cmmi8.pfb></usr/share/texlive/texmf-dist/fonts/type1/public/amsfonts/cm/cmr12.pfb></usr/share/texlive/texmf-dist/fonts/type1/public/amsfonts/cm/cmr6.pfb></usr/share/texlive/texmf-dist/fonts/type1/public/amsfonts/cm/cmr8.pfb></usr/share/texlive/texmf-dist/fonts/type1/public/amsfonts/cm/cmsy10.pfb></usr/share/texlive/texmf-dist/fonts/type1/public/amsfonts/cm/cmti12.pfb></usr/share/texlive/texmf-dist/fonts/type1/public/amsfonts/cm/cmtt12.pfb></usr/share/texlive/texmf-dist/fonts/type1/public/amsfonts/cm/cmtt8.pfb></usr/share/texlive/texmf-dist/fonts/type1/public/eurosym/feymr10.pfb></usr/share/texmf/fonts/type1/public/cm-super/sftt0800.pfb>
Output written on proyecto.pdf (91 pages, 19485585 bytes).
PDF statistics:
 2006 PDF objects out of 2073 (max. 8388607)
 1793 compressed objects within 18 object streams
 900 named destinations out of 1000 (max. 500000)
 729 words of extra memory for PDF output out of 10000 (max. 10000000)

