\BOOKMARK [0][-]{chapter.1}{\376\377\000I\000n\000t\000r\000o\000d\000u\000c\000c\000i\000\363\000n}{}% 1
\BOOKMARK [1][-]{section.1.1}{\376\377\000I\000n\000t\000r\000o\000d\000u\000c\000c\000i\000\363\000n\000\040\000y\000\040\000m\000o\000t\000i\000v\000a\000c\000i\000\363\000n}{chapter.1}% 2
\BOOKMARK [1][-]{section.1.2}{\376\377\000O\000b\000j\000e\000t\000i\000v\000o\000s}{chapter.1}% 3
\BOOKMARK [1][-]{section.1.3}{\376\377\000P\000l\000a\000n\000i\000f\000i\000c\000a\000c\000i\000\363\000n}{chapter.1}% 4
\BOOKMARK [1][-]{section.1.4}{\376\377\000M\000a\000t\000e\000r\000i\000a\000l\000\040\000y\000\040\000m\000\351\000t\000o\000d\000o\000s}{chapter.1}% 5
\BOOKMARK [1][-]{section.1.5}{\376\377\000E\000s\000t\000r\000u\000c\000t\000u\000r\000a\000\040\000d\000e\000l\000\040\000d\000o\000c\000u\000m\000e\000n\000t\000o}{chapter.1}% 6
\BOOKMARK [0][-]{chapter.2}{\376\377\000F\000u\000n\000d\000a\000m\000e\000n\000t\000a\000c\000i\000\363\000n\000\040\000t\000e\000\363\000r\000i\000c\000a}{}% 7
\BOOKMARK [1][-]{section.2.1}{\376\377\000C\000o\000n\000s\000u\000m\000o\000\040\000e\000n\000e\000r\000g\000\351\000t\000i\000c\000o}{chapter.2}% 8
\BOOKMARK [2][-]{subsection.2.1.1}{\376\377\000C\000o\000n\000s\000u\000m\000o\000\040\000e\000n\000e\000r\000g\000\351\000t\000i\000c\000o\000\040\000e\000n\000\040\000e\000l\000\040\000h\000o\000g\000a\000r}{section.2.1}% 9
\BOOKMARK [2][-]{subsection.2.1.2}{\376\377\000C\000a\000l\000c\000u\000l\000o\000\040\000d\000e\000l\000\040\000c\000o\000n\000s\000u\000m\000o\000\040\000e\000n\000e\000r\000g\000\351\000t\000i\000c\000o}{section.2.1}% 10
\BOOKMARK [2][-]{subsection.2.1.3}{\376\377\000S\000e\000n\000s\000o\000r\000e\000s\000\040\000d\000e\000\040\000c\000o\000n\000s\000u\000m\000o\000\040\000e\000n\000e\000r\000g\000\351\000t\000i\000c\000o}{section.2.1}% 11
\BOOKMARK [1][-]{section.2.2}{\376\377\000P\000l\000a\000t\000a\000f\000o\000r\000m\000a\000s\000\040\000d\000e\000\040\000d\000e\000s\000a\000r\000r\000o\000l\000l\000o}{chapter.2}% 12
\BOOKMARK [2][-]{subsection.2.2.1}{\376\377\000A\000r\000d\000u\000i\000n\000o}{section.2.2}% 13
\BOOKMARK [2][-]{subsection.2.2.2}{\376\377\000R\000a\000s\000p\000b\000e\000r\000r\000y\000\040\000P\000i}{section.2.2}% 14
\BOOKMARK [2][-]{subsection.2.2.3}{\376\377\000\040\000N\000o\000d\000e\000M\000C\000U\000\040\000E\000S\000P\0008\0002\0006\0006}{section.2.2}% 15
\BOOKMARK [2][-]{subsection.2.2.4}{\376\377\000E\000S\000P\0003\0002}{section.2.2}% 16
\BOOKMARK [1][-]{section.2.3}{\376\377\000M\000i\000c\000r\000o\000p\000y\000t\000h\000o\000n}{chapter.2}% 17
\BOOKMARK [1][-]{section.2.4}{\376\377\000C\000o\000m\000u\000n\000i\000c\000a\000c\000i\000o\000n\000e\000s\000\040\000i\000n\000a\000l\000\341\000m\000b\000r\000i\000c\000a\000s\000\040\000e\000n\000\040\000I\000o\000T}{chapter.2}% 18
\BOOKMARK [2][-]{subsection.2.4.1}{\376\377\000M\000Q\000T\000T}{section.2.4}% 19
\BOOKMARK [2][-]{subsection.2.4.2}{\376\377\000Z\000i\000g\000b\000e\000e}{section.2.4}% 20
\BOOKMARK [0][-]{chapter.3}{\376\377\000I\000m\000p\000l\000e\000m\000e\000n\000t\000a\000c\000i\000\363\000n\000\040\000d\000e\000l\000\040\000s\000e\000n\000s\000o\000r\000\040\000d\000e\000\040\000c\000o\000r\000r\000i\000e\000n\000t\000e}{}% 21
\BOOKMARK [1][-]{section.3.1}{\376\377\000D\000e\000s\000c\000r\000i\000p\000c\000i\000\363\000n\000\040\000g\000e\000n\000e\000r\000a\000l}{chapter.3}% 22
\BOOKMARK [1][-]{section.3.2}{\376\377\000S\000e\000t\000u\000p\000\040\000e\000x\000p\000e\000r\000i\000m\000e\000n\000t\000a\000l}{chapter.3}% 23
\BOOKMARK [2][-]{subsection.3.2.1}{\376\377\000P\000r\000e\000p\000a\000r\000a\000r\000\040\000E\000S\000P\0003\0002\000\040\000p\000a\000r\000a\000\040\000M\000i\000c\000r\000o\000p\000y\000t\000h\000o\000n}{section.3.2}% 24
\BOOKMARK [2][-]{subsection.3.2.2}{\376\377\000M\000i\000c\000r\000o\000p\000y\000t\000h\000o\000n\000\040\000e\000n\000\040\000E\000S\000P\0003\0002}{section.3.2}% 25
\BOOKMARK [2][-]{subsection.3.2.3}{\376\377\000L\000i\000b\000r\000e\000r\000i\000a\000s\000\040\000u\000t\000i\000l\000i\000z\000a\000d\000a\000s}{section.3.2}% 26
\BOOKMARK [1][-]{section.3.3}{\376\377\000I\000m\000p\000l\000e\000m\000e\000n\000t\000a\000c\000i\000\363\000n}{chapter.3}% 27
\BOOKMARK [2][-]{subsection.3.3.1}{\376\377\000D\000i\000a\000g\000r\000a\000m\000a\000\040\000d\000e\000\040\000e\000s\000t\000a\000d\000o\000s}{section.3.3}% 28
\BOOKMARK [2][-]{subsection.3.3.2}{\376\377\000C\000\363\000d\000i\000g\000o}{section.3.3}% 29
\BOOKMARK [1][-]{section.3.4}{\376\377\000T\000e\000s\000t\000\040\000d\000e\000\040\000f\000u\000n\000c\000i\000o\000n\000a\000m\000i\000e\000n\000t\000o}{chapter.3}% 30
\BOOKMARK [2][-]{subsection.3.4.1}{\376\377\000C\000o\000r\000r\000i\000e\000n\000t\000e\000\040\000c\000o\000n\000t\000i\000n\000u\000a}{section.3.4}% 31
\BOOKMARK [2][-]{subsection.3.4.2}{\376\377\000C\000o\000r\000r\000i\000e\000n\000t\000e\000\040\000a\000l\000t\000e\000r\000n\000a}{section.3.4}% 32
\BOOKMARK [0][-]{chapter.4}{\376\377\000I\000m\000p\000l\000e\000m\000e\000n\000t\000a\000c\000i\000\363\000n\000\040\000d\000e\000\040\000l\000a\000\040\000a\000p\000l\000i\000c\000a\000c\000i\000\363\000n\000\040\000w\000e\000b}{}% 33
\BOOKMARK [1][-]{section.4.1}{\376\377\000D\000e\000s\000c\000r\000i\000p\000c\000i\000\363\000n\000\040\000g\000e\000n\000e\000r\000a\000l}{chapter.4}% 34
\BOOKMARK [1][-]{section.4.2}{\376\377\000I\000m\000p\000l\000e\000m\000e\000n\000t\000a\000c\000i\000\363\000n\000\040\000b\000a\000c\000k\000e\000n\000d}{chapter.4}% 35
\BOOKMARK [2][-]{subsection.4.2.1}{\376\377\000A\000p\000l\000i\000c\000a\000c\000i\000\363\000n\000\040\000e\000n\000\040\000p\000y\000t\000h\000o\000n\0003}{section.4.2}% 36
\BOOKMARK [1][-]{section.4.3}{\376\377\000I\000m\000p\000l\000e\000m\000e\000n\000t\000a\000c\000i\000\363\000n\000\040\000f\000r\000o\000n\000t\000e\000n\000d}{chapter.4}% 37
\BOOKMARK [2][-]{subsection.4.3.1}{\376\377\000D\000i\000s\000e\000\361\000o}{section.4.3}% 38
\BOOKMARK [2][-]{subsection.4.3.2}{\376\377\000I\000m\000p\000l\000e\000m\000e\000n\000t\000a\000c\000i\000\363\000n}{section.4.3}% 39
\BOOKMARK [0][-]{chapter.5}{\376\377\000C\000o\000n\000c\000l\000u\000s\000i\000o\000n\000e\000s}{}% 40
\BOOKMARK [1][-]{section.5.1}{\376\377\000O\000b\000j\000e\000t\000i\000v\000o\000s\000\040\000m\000a\000r\000c\000a\000d\000o\000s}{chapter.5}% 41
\BOOKMARK [2][-]{subsection.5.1.1}{\376\377\000F\000a\000s\000e\000\040\0001}{section.5.1}% 42
\BOOKMARK [2][-]{subsection.5.1.2}{\376\377\000F\000a\000s\000e\000\040\0002}{section.5.1}% 43
\BOOKMARK [2][-]{subsection.5.1.3}{\376\377\000F\000a\000s\000e\000\040\0003}{section.5.1}% 44
\BOOKMARK [1][-]{section.5.2}{\376\377\000T\000r\000a\000b\000a\000j\000o\000\040\000f\000u\000t\000u\000r\000o}{chapter.5}% 45
\BOOKMARK [2][-]{subsection.5.2.1}{\376\377\000M\000e\000j\000o\000r\000a\000s\000\040\000e\000n\000\040\000e\000l\000\040\000s\000e\000n\000s\000o\000r\000\040\000d\000e\000\040\000c\000o\000r\000r\000i\000e\000n\000t\000e}{section.5.2}% 46
\BOOKMARK [2][-]{subsection.5.2.2}{\376\377\000M\000e\000j\000o\000r\000a\000s\000\040\000e\000n\000\040\000l\000a\000\040\000a\000p\000l\000i\000c\000a\000c\000i\000\363\000n\000\040\000w\000e\000b}{section.5.2}% 47
