\BOOKMARK [0][-]{chapter.1}{Introducci\363n}{}% 1
\BOOKMARK [1][-]{section.1.1}{Introducci\363n y motivaci\363n}{chapter.1}% 2
\BOOKMARK [1][-]{section.1.2}{Objetivos}{chapter.1}% 3
\BOOKMARK [1][-]{section.1.3}{Material y m\351todos}{chapter.1}% 4
\BOOKMARK [1][-]{section.1.4}{Estructura del documento}{chapter.1}% 5
\BOOKMARK [0][-]{chapter.2}{Sistemas sincronizados en redes de computadores}{}% 6
\BOOKMARK [1][-]{section.2.1}{Introducci\363n y usos de la sincronizaci\363n}{chapter.2}% 7
\BOOKMARK [1][-]{section.2.2}{Mecanismos de sincronizaci\363n}{chapter.2}% 8
\BOOKMARK [1][-]{section.2.3}{Protocolos de sincronizaci\363n en red}{chapter.2}% 9
\BOOKMARK [1][-]{section.2.4}{Software de virtualizaci\363n de equipos}{chapter.2}% 10
\BOOKMARK [0][-]{chapter.3}{Implementaciones de PTP}{}% 11
\BOOKMARK [1][-]{section.3.1}{Integraci\363n PTP en Linux}{chapter.3}% 12
\BOOKMARK [1][-]{section.3.2}{Pilas PTP}{chapter.3}% 13
\BOOKMARK [1][-]{section.3.3}{Plataformas de ejecuci\363n}{chapter.3}% 14
\BOOKMARK [0][-]{chapter.4}{Problemas de escalabilidad en PTP}{}% 15
\BOOKMARK [1][-]{section.4.1}{Problema}{chapter.4}% 16
\BOOKMARK [1][-]{section.4.2}{Setup experimental}{chapter.4}% 17
\BOOKMARK [1][-]{section.4.3}{Pruebas pilas PTP}{chapter.4}% 18
\BOOKMARK [1][-]{section.4.4}{Alternativas de implementaci\363n}{chapter.4}% 19
\BOOKMARK [1][-]{section.4.5}{Software de test}{chapter.4}% 20
\BOOKMARK [0][-]{chapter.5}{Resultados}{}% 21
\BOOKMARK [0][-]{chapter.6}{Conclusiones}{}% 22
\BOOKMARK [1][-]{section.6.1}{Conclusiones finales}{chapter.6}% 23
\BOOKMARK [1][-]{section.6.2}{Opini\363n personal}{chapter.6}% 24
\BOOKMARK [1][-]{section.6.3}{Trabajo futuro}{chapter.6}% 25
\BOOKMARK [0][-]{chapter.7}{Bibliograf\355a}{}% 26
